core   0: 0x0000000000001000 (0x00000297) auipc   t0, 0x0
core   0: 3 0x0000000000001000 (0x00000297) x 5 0x0000000000001000
core   0: 0x0000000000001004 (0x02028593) addi    a1, t0, 32
core   0: 3 0x0000000000001004 (0x02028593) x11 0x0000000000001020
core   0: 0x0000000000001008 (0xf1402573) csrr    a0, mhartid
core   0: 3 0x0000000000001008 (0xf1402573) x10 0x0000000000000000
core   0: 0x000000000000100c (0x0182b283) ld      t0, 24(t0)
core   0: 3 0x000000000000100c (0x0182b283) x 5 0x0000000080000000 mem 0x0000000000001018
core   0: 0x0000000000001010 (0x00028067) jr      t0
core   0: 3 0x0000000000001010 (0x00028067)
core   0: >>>>  _start
core   0: 0x0000000080000000 (0x0000a8b9) c.j     pc + 94
core   0: 3 0x0000000080000000 (0xa8b9)
core   0: >>>>  reset_vector
core   0: 0x000000008000005e (0x00004081) c.li    ra, 0
core   0: 3 0x000000008000005e (0x4081) x 1 0x0000000000000000
core   0: 0x0000000080000060 (0x00004101) c.li    sp, 0
core   0: 3 0x0000000080000060 (0x4101) x 2 0x0000000000000000
core   0: 0x0000000080000062 (0x00004181) c.li    gp, 0
core   0: 3 0x0000000080000062 (0x4181) x 3 0x0000000000000000
core   0: 0x0000000080000064 (0x00004201) c.li    tp, 0
core   0: 3 0x0000000080000064 (0x4201) x 4 0x0000000000000000
core   0: 0x0000000080000066 (0x00004281) c.li    t0, 0
core   0: 3 0x0000000080000066 (0x4281) x 5 0x0000000000000000
core   0: 0x0000000080000068 (0x00004301) c.li    t1, 0
core   0: 3 0x0000000080000068 (0x4301) x 6 0x0000000000000000
core   0: 0x000000008000006a (0x00004381) c.li    t2, 0
core   0: 3 0x000000008000006a (0x4381) x 7 0x0000000000000000
core   0: 0x000000008000006c (0x00004401) c.li    s0, 0
core   0: 3 0x000000008000006c (0x4401) x 8 0x0000000000000000
core   0: 0x000000008000006e (0x00004481) c.li    s1, 0
core   0: 3 0x000000008000006e (0x4481) x 9 0x0000000000000000
core   0: 0x0000000080000070 (0x00004501) c.li    a0, 0
core   0: 3 0x0000000080000070 (0x4501) x10 0x0000000000000000
core   0: 0x0000000080000072 (0x00004581) c.li    a1, 0
core   0: 3 0x0000000080000072 (0x4581) x11 0x0000000000000000
core   0: 0x0000000080000074 (0x00004601) c.li    a2, 0
core   0: 3 0x0000000080000074 (0x4601) x12 0x0000000000000000
core   0: 0x0000000080000076 (0x00004681) c.li    a3, 0
core   0: 3 0x0000000080000076 (0x4681) x13 0x0000000000000000
core   0: 0x0000000080000078 (0x00004701) c.li    a4, 0
core   0: 3 0x0000000080000078 (0x4701) x14 0x0000000000000000
core   0: 0x000000008000007a (0x00004781) c.li    a5, 0
core   0: 3 0x000000008000007a (0x4781) x15 0x0000000000000000
core   0: 0x000000008000007c (0x00004801) c.li    a6, 0
core   0: 3 0x000000008000007c (0x4801) x16 0x0000000000000000
core   0: 0x000000008000007e (0x00004881) c.li    a7, 0
core   0: 3 0x000000008000007e (0x4881) x17 0x0000000000000000
core   0: 0x0000000080000080 (0x00004901) c.li    s2, 0
core   0: 3 0x0000000080000080 (0x4901) x18 0x0000000000000000
core   0: 0x0000000080000082 (0x00004981) c.li    s3, 0
core   0: 3 0x0000000080000082 (0x4981) x19 0x0000000000000000
core   0: 0x0000000080000084 (0x00004a01) c.li    s4, 0
core   0: 3 0x0000000080000084 (0x4a01) x20 0x0000000000000000
core   0: 0x0000000080000086 (0x00004a81) c.li    s5, 0
core   0: 3 0x0000000080000086 (0x4a81) x21 0x0000000000000000
core   0: 0x0000000080000088 (0x00004b01) c.li    s6, 0
core   0: 3 0x0000000080000088 (0x4b01) x22 0x0000000000000000
core   0: 0x000000008000008a (0x00004b81) c.li    s7, 0
core   0: 3 0x000000008000008a (0x4b81) x23 0x0000000000000000
core   0: 0x000000008000008c (0x00004c01) c.li    s8, 0
core   0: 3 0x000000008000008c (0x4c01) x24 0x0000000000000000
core   0: 0x000000008000008e (0x00004c81) c.li    s9, 0
core   0: 3 0x000000008000008e (0x4c81) x25 0x0000000000000000
core   0: 0x0000000080000090 (0x00004d01) c.li    s10, 0
core   0: 3 0x0000000080000090 (0x4d01) x26 0x0000000000000000
core   0: 0x0000000080000092 (0x00004d81) c.li    s11, 0
core   0: 3 0x0000000080000092 (0x4d81) x27 0x0000000000000000
core   0: 0x0000000080000094 (0x00004e01) c.li    t3, 0
core   0: 3 0x0000000080000094 (0x4e01) x28 0x0000000000000000
core   0: 0x0000000080000096 (0x00004e81) c.li    t4, 0
core   0: 3 0x0000000080000096 (0x4e81) x29 0x0000000000000000
core   0: 0x0000000080000098 (0x00004f01) c.li    t5, 0
core   0: 3 0x0000000080000098 (0x4f01) x30 0x0000000000000000
core   0: 0x000000008000009a (0x00004f81) c.li    t6, 0
core   0: 3 0x000000008000009a (0x4f81) x31 0x0000000000000000
core   0: 0x000000008000009c (0x00000297) auipc   t0, 0x0
core   0: 3 0x000000008000009c (0x00000297) x 5 0x000000008000009c
core   0: 0x00000000800000a0 (0xf6828293) addi    t0, t0, -152
core   0: 3 0x00000000800000a0 (0xf6828293) x 5 0x0000000080000004
core   0: 0x00000000800000a4 (0x30529073) csrw    mtvec, t0
core   0: 3 0x00000000800000a4 (0x30529073) c773_mtvec 0x0000000080000004
core   0: >>>>  START
core   0: 0x00000000800000a8 (0x0000418d) c.li    gp, 3
core   0: 3 0x00000000800000a8 (0x418d) x 3 0x0000000000000003
core   0: 0x00000000800000aa (0x00004251) c.li    tp, 20
core   0: 3 0x00000000800000aa (0x4251) x 4 0x0000000000000014
core   0: 0x00000000800000ac (0x004202b3) add     t0, tp, tp
core   0: 3 0x00000000800000ac (0x004202b3) x 5 0x0000000000000028
core   0: 0x00000000800000b0 (0x753ff06f) j       pc + 0xfff52
core   0: 3 0x00000000800000b0 (0x753ff06f)
core   0: >>>>  target_label1
core   0: 0x0000000080100002 (0x00004109) c.li    sp, 2
core   0: 3 0x0000000080100002 (0x4109) x 2 0x0000000000000002
core   0: 0x0000000080100004 (0x000048a9) c.li    a7, 10
core   0: 3 0x0000000080100004 (0x48a9) x17 0x000000000000000a
core   0: 0x0000000080100006 (0x00000073) ecall
core   0: exception trap_machine_ecall, epc 0x0000000080100006
core   0: >>>>  trap_vector
core   0: 0x0000000080000004 (0x34202f73) csrr    t5, mcause
core   0: 3 0x0000000080000004 (0x34202f73) x30 0x000000000000000b
core   0: 0x0000000080000008 (0x00004fa1) c.li    t6, 8
core   0: 3 0x0000000080000008 (0x4fa1) x31 0x0000000000000008
core   0: 0x000000008000000a (0x03ff0463) beq     t5, t6, pc + 40
core   0: 3 0x000000008000000a (0x03ff0463)
core   0: 0x000000008000000e (0x00004fa5) c.li    t6, 9
core   0: 3 0x000000008000000e (0x4fa5) x31 0x0000000000000009
core   0: 0x0000000080000010 (0x03ff0163) beq     t5, t6, pc + 34
core   0: 3 0x0000000080000010 (0x03ff0163)
core   0: 0x0000000080000014 (0x00004fad) c.li    t6, 11
core   0: 3 0x0000000080000014 (0x4fad) x31 0x000000000000000b
core   0: 0x0000000080000016 (0x01ff0e63) beq     t5, t6, pc + 28
core   0: 3 0x0000000080000016 (0x01ff0e63)
core   0: >>>>  write_tohost
core   0: 0x0000000080000032 (0x00200f17) auipc   t5, 0x200
core   0: 3 0x0000000080000032 (0x00200f17) x30 0x0000000080200032
core   0: 0x0000000080000036 (0xfc3f2723) sw      gp, -50(t5)
core   0: 3 0x0000000080000036 (0xfc3f2723) mem 0x0000000080200000 0x00000003
core   0: >>>>  shakti_end
core   0: 0x000000008000003a (0x0000100f) fence.i
core   0: 3 0x000000008000003a (0x0000100f)
core   0: 0x000000008000003e (0x00020fb7) lui     t6, 0x20
core   0: 3 0x000000008000003e (0x00020fb7) x31 0x0000000000020000
core   0: 0x0000000080000042 (0x00201f17) auipc   t5, 0x201
core   0: 3 0x0000000080000042 (0x00201f17) x30 0x0000000080201042
core   0: 0x0000000080000046 (0xfbef0f13) addi    t5, t5, -66
core   0: 3 0x0000000080000046 (0xfbef0f13) x30 0x0000000080201000
core   0: 0x000000008000004a (0x01efa023) sw      t5, 0(t6)
core   0: exception trap_store_access_fault, epc 0x000000008000004a
core   0:           tval 0x0000000000020000
*** FAILED *** (tohost = 1)
