core   0: 0x0000000000001000 (0x00000297) auipc   t0, 0x0
core   0: 3 0x0000000000001000 (0x00000297) x 5 0x0000000000001000
core   0: 0x0000000000001004 (0x02028593) addi    a1, t0, 32
core   0: 3 0x0000000000001004 (0x02028593) x11 0x0000000000001020
core   0: 0x0000000000001008 (0xf1402573) csrr    a0, mhartid
core   0: 3 0x0000000000001008 (0xf1402573) x10 0x0000000000000000
core   0: 0x000000000000100c (0x0182b283) ld      t0, 24(t0)
core   0: 3 0x000000000000100c (0x0182b283) x 5 0x0000000080000000 mem 0x0000000000001018
core   0: 0x0000000000001010 (0x00028067) jr      t0
core   0: 3 0x0000000000001010 (0x00028067)
core   0: >>>>  _start
core   0: 0x0000000080000000 (0x0000a8b9) c.j     pc + 94
core   0: 3 0x0000000080000000 (0xa8b9)
core   0: >>>>  reset_vector
core   0: 0x000000008000005e (0x00004081) c.li    ra, 0
core   0: 3 0x000000008000005e (0x4081) x 1 0x0000000000000000
core   0: 0x0000000080000060 (0x00004101) c.li    sp, 0
core   0: 3 0x0000000080000060 (0x4101) x 2 0x0000000000000000
core   0: 0x0000000080000062 (0x00004181) c.li    gp, 0
core   0: 3 0x0000000080000062 (0x4181) x 3 0x0000000000000000
core   0: 0x0000000080000064 (0x00004201) c.li    tp, 0
core   0: 3 0x0000000080000064 (0x4201) x 4 0x0000000000000000
core   0: 0x0000000080000066 (0x00004281) c.li    t0, 0
core   0: 3 0x0000000080000066 (0x4281) x 5 0x0000000000000000
core   0: 0x0000000080000068 (0x00004301) c.li    t1, 0
core   0: 3 0x0000000080000068 (0x4301) x 6 0x0000000000000000
core   0: 0x000000008000006a (0x00004381) c.li    t2, 0
core   0: 3 0x000000008000006a (0x4381) x 7 0x0000000000000000
core   0: 0x000000008000006c (0x00004401) c.li    s0, 0
core   0: 3 0x000000008000006c (0x4401) x 8 0x0000000000000000
core   0: 0x000000008000006e (0x00004481) c.li    s1, 0
core   0: 3 0x000000008000006e (0x4481) x 9 0x0000000000000000
core   0: 0x0000000080000070 (0x00004501) c.li    a0, 0
core   0: 3 0x0000000080000070 (0x4501) x10 0x0000000000000000
core   0: 0x0000000080000072 (0x00004581) c.li    a1, 0
core   0: 3 0x0000000080000072 (0x4581) x11 0x0000000000000000
core   0: 0x0000000080000074 (0x00004601) c.li    a2, 0
core   0: 3 0x0000000080000074 (0x4601) x12 0x0000000000000000
core   0: 0x0000000080000076 (0x00004681) c.li    a3, 0
core   0: 3 0x0000000080000076 (0x4681) x13 0x0000000000000000
core   0: 0x0000000080000078 (0x00004701) c.li    a4, 0
core   0: 3 0x0000000080000078 (0x4701) x14 0x0000000000000000
core   0: 0x000000008000007a (0x00004781) c.li    a5, 0
core   0: 3 0x000000008000007a (0x4781) x15 0x0000000000000000
core   0: 0x000000008000007c (0x00004801) c.li    a6, 0
core   0: 3 0x000000008000007c (0x4801) x16 0x0000000000000000
core   0: 0x000000008000007e (0x00004881) c.li    a7, 0
core   0: 3 0x000000008000007e (0x4881) x17 0x0000000000000000
core   0: 0x0000000080000080 (0x00004901) c.li    s2, 0
core   0: 3 0x0000000080000080 (0x4901) x18 0x0000000000000000
core   0: 0x0000000080000082 (0x00004981) c.li    s3, 0
core   0: 3 0x0000000080000082 (0x4981) x19 0x0000000000000000
core   0: 0x0000000080000084 (0x00004a01) c.li    s4, 0
core   0: 3 0x0000000080000084 (0x4a01) x20 0x0000000000000000
core   0: 0x0000000080000086 (0x00004a81) c.li    s5, 0
core   0: 3 0x0000000080000086 (0x4a81) x21 0x0000000000000000
core   0: 0x0000000080000088 (0x00004b01) c.li    s6, 0
core   0: 3 0x0000000080000088 (0x4b01) x22 0x0000000000000000
core   0: 0x000000008000008a (0x00004b81) c.li    s7, 0
core   0: 3 0x000000008000008a (0x4b81) x23 0x0000000000000000
core   0: 0x000000008000008c (0x00004c01) c.li    s8, 0
core   0: 3 0x000000008000008c (0x4c01) x24 0x0000000000000000
core   0: 0x000000008000008e (0x00004c81) c.li    s9, 0
core   0: 3 0x000000008000008e (0x4c81) x25 0x0000000000000000
core   0: 0x0000000080000090 (0x00004d01) c.li    s10, 0
core   0: 3 0x0000000080000090 (0x4d01) x26 0x0000000000000000
core   0: 0x0000000080000092 (0x00004d81) c.li    s11, 0
core   0: 3 0x0000000080000092 (0x4d81) x27 0x0000000000000000
core   0: 0x0000000080000094 (0x00004e01) c.li    t3, 0
core   0: 3 0x0000000080000094 (0x4e01) x28 0x0000000000000000
core   0: 0x0000000080000096 (0x00004e81) c.li    t4, 0
core   0: 3 0x0000000080000096 (0x4e81) x29 0x0000000000000000
core   0: 0x0000000080000098 (0x00004f01) c.li    t5, 0
core   0: 3 0x0000000080000098 (0x4f01) x30 0x0000000000000000
core   0: 0x000000008000009a (0x00004f81) c.li    t6, 0
core   0: 3 0x000000008000009a (0x4f81) x31 0x0000000000000000
core   0: 0x000000008000009c (0x00000297) auipc   t0, 0x0
core   0: 3 0x000000008000009c (0x00000297) x 5 0x000000008000009c
core   0: 0x00000000800000a0 (0xf6828293) addi    t0, t0, -152
core   0: 3 0x00000000800000a0 (0xf6828293) x 5 0x0000000080000004
core   0: 0x00000000800000a4 (0x30529073) csrw    mtvec, t0
core   0: 3 0x00000000800000a4 (0x30529073) c773_mtvec 0x0000000080000004
core   0: 0x00000000800000a8 (0x0000418d) c.li    gp, 3
core   0: 3 0x00000000800000a8 (0x418d) x 3 0x0000000000000003
core   0: 0x00000000800000aa (0x00004081) c.li    ra, 0
core   0: 3 0x00000000800000aa (0x4081) x 1 0x0000000000000000
core   0: 0x00000000800000ac (0x00004105) c.li    sp, 1
core   0: 3 0x00000000800000ac (0x4105) x 2 0x0000000000000001
core   0: >>>>  loop1
core   0: 0x00000000800000ae (0x0620d663) bge     ra, sp, pc + 108
core   0: 3 0x00000000800000ae (0x0620d663)
core   0: 0x00000000800000b2 (0x00004181) c.li    gp, 0
core   0: 3 0x00000000800000b2 (0x4181) x 3 0x0000000000000000
core   0: 0x00000000800000b4 (0x00004205) c.li    tp, 1
core   0: 3 0x00000000800000b4 (0x4205) x 4 0x0000000000000001
core   0: >>>>  loop2
core   0: 0x00000000800000b6 (0x0441df63) bge     gp, tp, pc + 94
core   0: 3 0x00000000800000b6 (0x0441df63)
core   0: 0x00000000800000ba (0x00004281) c.li    t0, 0
core   0: 3 0x00000000800000ba (0x4281) x 5 0x0000000000000000
core   0: 0x00000000800000bc (0x00004305) c.li    t1, 1
core   0: 3 0x00000000800000bc (0x4305) x 6 0x0000000000000001
core   0: >>>>  loop3
core   0: 0x00000000800000be (0x0462d863) bge     t0, t1, pc + 80
core   0: 3 0x00000000800000be (0x0462d863)
core   0: 0x00000000800000c2 (0x00004381) c.li    t2, 0
core   0: 3 0x00000000800000c2 (0x4381) x 7 0x0000000000000000
core   0: 0x00000000800000c4 (0x00004405) c.li    s0, 1
core   0: 3 0x00000000800000c4 (0x4405) x 8 0x0000000000000001
core   0: >>>>  loop4
core   0: 0x00000000800000c6 (0x0483d163) bge     t2, s0, pc + 66
core   0: 3 0x00000000800000c6 (0x0483d163)
core   0: 0x00000000800000ca (0x00004481) c.li    s1, 0
core   0: 3 0x00000000800000ca (0x4481) x 9 0x0000000000000000
core   0: 0x00000000800000cc (0x00004505) c.li    a0, 1
core   0: 3 0x00000000800000cc (0x4505) x10 0x0000000000000001
core   0: >>>>  loop5
core   0: 0x00000000800000ce (0x02a4da63) bge     s1, a0, pc + 52
core   0: 3 0x00000000800000ce (0x02a4da63)
core   0: 0x00000000800000d2 (0x00004581) c.li    a1, 0
core   0: 3 0x00000000800000d2 (0x4581) x11 0x0000000000000000
core   0: 0x00000000800000d4 (0x00004605) c.li    a2, 1
core   0: 3 0x00000000800000d4 (0x4605) x12 0x0000000000000001
core   0: >>>>  loop6
core   0: 0x00000000800000d6 (0x02c5d363) bge     a1, a2, pc + 38
core   0: 3 0x00000000800000d6 (0x02c5d363)
core   0: 0x00000000800000da (0x00004681) c.li    a3, 0
core   0: 3 0x00000000800000da (0x4681) x13 0x0000000000000000
core   0: 0x00000000800000dc (0x00004705) c.li    a4, 1
core   0: 3 0x00000000800000dc (0x4705) x14 0x0000000000000001
core   0: >>>>  loop7
core   0: 0x00000000800000de (0x00e6dc63) bge     a3, a4, pc + 24
core   0: 3 0x00000000800000de (0x00e6dc63)
core   0: 0x00000000800000e2 (0x00004781) c.li    a5, 0
core   0: 3 0x00000000800000e2 (0x4781) x15 0x0000000000000000
core   0: 0x00000000800000e4 (0x00004805) c.li    a6, 1
core   0: 3 0x00000000800000e4 (0x4805) x16 0x0000000000000001
core   0: >>>>  loop8
core   0: 0x00000000800000e6 (0x0107d563) bge     a5, a6, pc + 10
core   0: 3 0x00000000800000e6 (0x0107d563)
core   0: 0x00000000800000ea (0x00000785) c.addi  a5, 1
core   0: 3 0x00000000800000ea (0x0785) x15 0x0000000000000001
core   0: 0x00000000800000ec (0xffbff06f) j       pc - 0x6
core   0: 3 0x00000000800000ec (0xffbff06f)
core   0: >>>>  loop8
core   0: 0x00000000800000e6 (0x0107d563) bge     a5, a6, pc + 10
core   0: 3 0x00000000800000e6 (0x0107d563)
core   0: >>>>  end8
core   0: 0x00000000800000f0 (0x00000685) c.addi  a3, 1
core   0: 3 0x00000000800000f0 (0x0685) x13 0x0000000000000001
core   0: 0x00000000800000f2 (0xfedff06f) j       pc - 0x14
core   0: 3 0x00000000800000f2 (0xfedff06f)
core   0: >>>>  loop7
core   0: 0x00000000800000de (0x00e6dc63) bge     a3, a4, pc + 24
core   0: 3 0x00000000800000de (0x00e6dc63)
core   0: >>>>  end7
core   0: 0x00000000800000f6 (0x00000585) c.addi  a1, 1
core   0: 3 0x00000000800000f6 (0x0585) x11 0x0000000000000001
core   0: 0x00000000800000f8 (0xfdfff06f) j       pc - 0x22
core   0: 3 0x00000000800000f8 (0xfdfff06f)
core   0: >>>>  loop6
core   0: 0x00000000800000d6 (0x02c5d363) bge     a1, a2, pc + 38
core   0: 3 0x00000000800000d6 (0x02c5d363)
core   0: >>>>  end6
core   0: 0x00000000800000fc (0x00000485) c.addi  s1, 1
core   0: 3 0x00000000800000fc (0x0485) x 9 0x0000000000000001
core   0: 0x00000000800000fe (0xfd1ff06f) j       pc - 0x30
core   0: 3 0x00000000800000fe (0xfd1ff06f)
core   0: >>>>  loop5
core   0: 0x00000000800000ce (0x02a4da63) bge     s1, a0, pc + 52
core   0: 3 0x00000000800000ce (0x02a4da63)
core   0: >>>>  end5
core   0: 0x0000000080000102 (0x00000385) c.addi  t2, 1
core   0: 3 0x0000000080000102 (0x0385) x 7 0x0000000000000001
core   0: 0x0000000080000104 (0xfc3ff06f) j       pc - 0x3e
core   0: 3 0x0000000080000104 (0xfc3ff06f)
core   0: >>>>  loop4
core   0: 0x00000000800000c6 (0x0483d163) bge     t2, s0, pc + 66
core   0: 3 0x00000000800000c6 (0x0483d163)
core   0: >>>>  end4
core   0: 0x0000000080000108 (0x00000285) c.addi  t0, 1
core   0: 3 0x0000000080000108 (0x0285) x 5 0x0000000000000001
core   0: 0x000000008000010a (0xfb5ff06f) j       pc - 0x4c
core   0: 3 0x000000008000010a (0xfb5ff06f)
core   0: >>>>  loop3
core   0: 0x00000000800000be (0x0462d863) bge     t0, t1, pc + 80
core   0: 3 0x00000000800000be (0x0462d863)
core   0: >>>>  end3
core   0: 0x000000008000010e (0x00000185) c.addi  gp, 1
core   0: 3 0x000000008000010e (0x0185) x 3 0x0000000000000001
core   0: 0x0000000080000110 (0xfa7ff06f) j       pc - 0x5a
core   0: 3 0x0000000080000110 (0xfa7ff06f)
core   0: >>>>  loop2
core   0: 0x00000000800000b6 (0x0441df63) bge     gp, tp, pc + 94
core   0: 3 0x00000000800000b6 (0x0441df63)
core   0: >>>>  end2
core   0: 0x0000000080000114 (0x00000085) c.addi  ra, 1
core   0: 3 0x0000000080000114 (0x0085) x 1 0x0000000000000001
core   0: 0x0000000080000116 (0xf99ff06f) j       pc - 0x68
core   0: 3 0x0000000080000116 (0xf99ff06f)
core   0: >>>>  loop1
core   0: 0x00000000800000ae (0x0620d663) bge     ra, sp, pc + 108
core   0: 3 0x00000000800000ae (0x0620d663)
core   0: >>>>  end1
core   0: 0x000000008000011a (0x00000001) c.nop
core   0: 3 0x000000008000011a (0x0001)
core   0: 0x000000008000011c (0x00301f63) bne     zero, gp, pc + 30
core   0: 3 0x000000008000011c (0x00301f63)
core   0: >>>>  pass
core   0: 0x000000008000013a (0x0ff0000f) fence   iorw,iorw
core   0: 3 0x000000008000013a (0x0ff0000f)
core   0: 0x000000008000013e (0x00004185) c.li    gp, 1
core   0: 3 0x000000008000013e (0x4185) x 3 0x0000000000000001
core   0: 0x0000000080000140 (0x05d00893) li      a7, 93
core   0: 3 0x0000000080000140 (0x05d00893) x17 0x000000000000005d
core   0: 0x0000000080000144 (0x00004501) c.li    a0, 0
core   0: 3 0x0000000080000144 (0x4501) x10 0x0000000000000000
core   0: 0x0000000080000146 (0x00000073) ecall
core   0: exception trap_machine_ecall, epc 0x0000000080000146
core   0: >>>>  trap_vector
core   0: 0x0000000080000004 (0x34202f73) csrr    t5, mcause
core   0: 3 0x0000000080000004 (0x34202f73) x30 0x000000000000000b
core   0: 0x0000000080000008 (0x00004fa1) c.li    t6, 8
core   0: 3 0x0000000080000008 (0x4fa1) x31 0x0000000000000008
core   0: 0x000000008000000a (0x03ff0463) beq     t5, t6, pc + 40
core   0: 3 0x000000008000000a (0x03ff0463)
core   0: 0x000000008000000e (0x00004fa5) c.li    t6, 9
core   0: 3 0x000000008000000e (0x4fa5) x31 0x0000000000000009
core   0: 0x0000000080000010 (0x03ff0163) beq     t5, t6, pc + 34
core   0: 3 0x0000000080000010 (0x03ff0163)
core   0: 0x0000000080000014 (0x00004fad) c.li    t6, 11
core   0: 3 0x0000000080000014 (0x4fad) x31 0x000000000000000b
core   0: 0x0000000080000016 (0x01ff0e63) beq     t5, t6, pc + 28
core   0: 3 0x0000000080000016 (0x01ff0e63)
core   0: >>>>  write_tohost
core   0: 0x0000000080000032 (0x00001f17) auipc   t5, 0x1
core   0: 3 0x0000000080000032 (0x00001f17) x30 0x0000000080001032
core   0: 0x0000000080000036 (0xfc3f2723) sw      gp, -50(t5)
core   0: 3 0x0000000080000036 (0xfc3f2723) mem 0x0000000080001000 0x00000001
core   0: >>>>  shakti_end
core   0: 0x000000008000003a (0x0000100f) fence.i
core   0: 3 0x000000008000003a (0x0000100f)
core   0: 0x000000008000003e (0x00020fb7) lui     t6, 0x20
core   0: 3 0x000000008000003e (0x00020fb7) x31 0x0000000000020000
core   0: 0x0000000080000042 (0x00002f17) auipc   t5, 0x2
core   0: 3 0x0000000080000042 (0x00002f17) x30 0x0000000080002042
core   0: 0x0000000080000046 (0xfbef0f13) addi    t5, t5, -66
core   0: 3 0x0000000080000046 (0xfbef0f13) x30 0x0000000080002000
core   0: 0x000000008000004a (0x01efa023) sw      t5, 0(t6)
core   0: exception trap_store_access_fault, epc 0x000000008000004a
core   0:           tval 0x0000000000020000
