core   0: 0x0000000000001000 (0x00000297) auipc   t0, 0x0
core   0: 3 0x0000000000001000 (0x00000297) x 5 0x0000000000001000
core   0: 0x0000000000001004 (0x02028593) addi    a1, t0, 32
core   0: 3 0x0000000000001004 (0x02028593) x11 0x0000000000001020
core   0: 0x0000000000001008 (0xf1402573) csrr    a0, mhartid
core   0: 3 0x0000000000001008 (0xf1402573) x10 0x0000000000000000
core   0: 0x000000000000100c (0x0182b283) ld      t0, 24(t0)
core   0: 3 0x000000000000100c (0x0182b283) x 5 0x0000000080000000 mem 0x0000000000001018
core   0: 0x0000000000001010 (0x00028067) jr      t0
core   0: 3 0x0000000000001010 (0x00028067)
core   0: >>>>  _start
core   0: 0x0000000080000000 (0x0000a8b9) c.j     pc + 94
core   0: 3 0x0000000080000000 (0xa8b9)
core   0: >>>>  reset_vector
core   0: 0x000000008000005e (0x00004081) c.li    ra, 0
core   0: 3 0x000000008000005e (0x4081) x 1 0x0000000000000000
core   0: 0x0000000080000060 (0x00004101) c.li    sp, 0
core   0: 3 0x0000000080000060 (0x4101) x 2 0x0000000000000000
core   0: 0x0000000080000062 (0x00004181) c.li    gp, 0
core   0: 3 0x0000000080000062 (0x4181) x 3 0x0000000000000000
core   0: 0x0000000080000064 (0x00004201) c.li    tp, 0
core   0: 3 0x0000000080000064 (0x4201) x 4 0x0000000000000000
core   0: 0x0000000080000066 (0x00004281) c.li    t0, 0
core   0: 3 0x0000000080000066 (0x4281) x 5 0x0000000000000000
core   0: 0x0000000080000068 (0x00004301) c.li    t1, 0
core   0: 3 0x0000000080000068 (0x4301) x 6 0x0000000000000000
core   0: 0x000000008000006a (0x00004381) c.li    t2, 0
core   0: 3 0x000000008000006a (0x4381) x 7 0x0000000000000000
core   0: 0x000000008000006c (0x00004401) c.li    s0, 0
core   0: 3 0x000000008000006c (0x4401) x 8 0x0000000000000000
core   0: 0x000000008000006e (0x00004481) c.li    s1, 0
core   0: 3 0x000000008000006e (0x4481) x 9 0x0000000000000000
core   0: 0x0000000080000070 (0x00004501) c.li    a0, 0
core   0: 3 0x0000000080000070 (0x4501) x10 0x0000000000000000
core   0: 0x0000000080000072 (0x00004581) c.li    a1, 0
core   0: 3 0x0000000080000072 (0x4581) x11 0x0000000000000000
core   0: 0x0000000080000074 (0x00004601) c.li    a2, 0
core   0: 3 0x0000000080000074 (0x4601) x12 0x0000000000000000
core   0: 0x0000000080000076 (0x00004681) c.li    a3, 0
core   0: 3 0x0000000080000076 (0x4681) x13 0x0000000000000000
core   0: 0x0000000080000078 (0x00004701) c.li    a4, 0
core   0: 3 0x0000000080000078 (0x4701) x14 0x0000000000000000
core   0: 0x000000008000007a (0x00004781) c.li    a5, 0
core   0: 3 0x000000008000007a (0x4781) x15 0x0000000000000000
core   0: 0x000000008000007c (0x00004801) c.li    a6, 0
core   0: 3 0x000000008000007c (0x4801) x16 0x0000000000000000
core   0: 0x000000008000007e (0x00004881) c.li    a7, 0
core   0: 3 0x000000008000007e (0x4881) x17 0x0000000000000000
core   0: 0x0000000080000080 (0x00004901) c.li    s2, 0
core   0: 3 0x0000000080000080 (0x4901) x18 0x0000000000000000
core   0: 0x0000000080000082 (0x00004981) c.li    s3, 0
core   0: 3 0x0000000080000082 (0x4981) x19 0x0000000000000000
core   0: 0x0000000080000084 (0x00004a01) c.li    s4, 0
core   0: 3 0x0000000080000084 (0x4a01) x20 0x0000000000000000
core   0: 0x0000000080000086 (0x00004a81) c.li    s5, 0
core   0: 3 0x0000000080000086 (0x4a81) x21 0x0000000000000000
core   0: 0x0000000080000088 (0x00004b01) c.li    s6, 0
core   0: 3 0x0000000080000088 (0x4b01) x22 0x0000000000000000
core   0: 0x000000008000008a (0x00004b81) c.li    s7, 0
core   0: 3 0x000000008000008a (0x4b81) x23 0x0000000000000000
core   0: 0x000000008000008c (0x00004c01) c.li    s8, 0
core   0: 3 0x000000008000008c (0x4c01) x24 0x0000000000000000
core   0: 0x000000008000008e (0x00004c81) c.li    s9, 0
core   0: 3 0x000000008000008e (0x4c81) x25 0x0000000000000000
core   0: 0x0000000080000090 (0x00004d01) c.li    s10, 0
core   0: 3 0x0000000080000090 (0x4d01) x26 0x0000000000000000
core   0: 0x0000000080000092 (0x00004d81) c.li    s11, 0
core   0: 3 0x0000000080000092 (0x4d81) x27 0x0000000000000000
core   0: 0x0000000080000094 (0x00004e01) c.li    t3, 0
core   0: 3 0x0000000080000094 (0x4e01) x28 0x0000000000000000
core   0: 0x0000000080000096 (0x00004e81) c.li    t4, 0
core   0: 3 0x0000000080000096 (0x4e81) x29 0x0000000000000000
core   0: 0x0000000080000098 (0x00004f01) c.li    t5, 0
core   0: 3 0x0000000080000098 (0x4f01) x30 0x0000000000000000
core   0: 0x000000008000009a (0x00004f81) c.li    t6, 0
core   0: 3 0x000000008000009a (0x4f81) x31 0x0000000000000000
core   0: 0x000000008000009c (0xf1402573) csrr    a0, mhartid
core   0: 3 0x000000008000009c (0xf1402573) x10 0x0000000000000000
core   0: 0x00000000800000a0 (0x0000e101) c.bnez  a0, pc + 0
core   0: 3 0x00000000800000a0 (0xe101)
core   0: 0x00000000800000a2 (0x30405073) csrwi   mie, 0
core   0: 3 0x00000000800000a2 (0x30405073) c772_mie 0x0000000000000000
core   0: 0x00000000800000a6 (0x00000297) auipc   t0, 0x0
core   0: 3 0x00000000800000a6 (0x00000297) x 5 0x00000000800000a6
core   0: 0x00000000800000aa (0x01628293) addi    t0, t0, 22
core   0: 3 0x00000000800000aa (0x01628293) x 5 0x00000000800000bc
core   0: 0x00000000800000ae (0x30529073) csrw    mtvec, t0
core   0: 3 0x00000000800000ae (0x30529073) c773_mtvec 0x00000000800000bc
core   0: 0x00000000800000b2 (0x30205073) csrwi   medeleg, 0
core   0: 3 0x00000000800000b2 (0x30205073) c770_medeleg 0x0000000000000000
core   0: 0x00000000800000b6 (0x30305073) csrwi   mideleg, 0
core   0: 3 0x00000000800000b6 (0x30305073) c771_mideleg 0x0000000000000000
core   0: 0x00000000800000ba (0x00000001) c.nop
core   0: 3 0x00000000800000ba (0x0001)
core   0: 0x00000000800000bc (0x00004181) c.li    gp, 0
core   0: 3 0x00000000800000bc (0x4181) x 3 0x0000000000000000
core   0: 0x00000000800000be (0x00000297) auipc   t0, 0x0
core   0: 3 0x00000000800000be (0x00000297) x 5 0x00000000800000be
core   0: 0x00000000800000c2 (0xf4628293) addi    t0, t0, -186
core   0: 3 0x00000000800000c2 (0xf4628293) x 5 0x0000000080000004
core   0: 0x00000000800000c6 (0x30529073) csrw    mtvec, t0
core   0: 3 0x00000000800000c6 (0x30529073) c773_mtvec 0x0000000080000004
core   0: 0x00000000800000ca (0x00004505) c.li    a0, 1
core   0: 3 0x00000000800000ca (0x4505) x10 0x0000000000000001
core   0: 0x00000000800000cc (0x0000057e) c.slli  a0, 31
core   0: 3 0x00000000800000cc (0x057e) x10 0x0000000080000000
core   0: 0x00000000800000ce (0x00055a63) bgez    a0, pc + 20
core   0: 3 0x00000000800000ce (0x00055a63)
core   0: 0x00000000800000e2 (0x00000293) li      t0, 0
core   0: 3 0x00000000800000e2 (0x00000293) x 5 0x0000000000000000
core   0: 0x00000000800000e6 (0x00028963) beqz    t0, pc + 18
core   0: 3 0x00000000800000e6 (0x00028963)
core   0: 0x00000000800000f8 (0x30005073) csrwi   mstatus, 0
core   0: 3 0x00000000800000f8 (0x30005073) c768_mstatus 0x0000000a00000000
core   0: 0x00000000800000fc (0x00006509) c.lui   a0, 0x2
core   0: 3 0x00000000800000fc (0x6509) x10 0x0000000000002000
core   0: 0x00000000800000fe (0x8005051b) addiw   a0, a0, -2048
core   0: 3 0x00000000800000fe (0x8005051b) x10 0x0000000000001800
core   0: 0x0000000080000102 (0x30052073) csrs    mstatus, a0
core   0: 3 0x0000000080000102 (0x30052073) c768_mstatus 0x0000000a00001800
core   0: 0x0000000080000106 (0x00000297) auipc   t0, 0x0
core   0: 3 0x0000000080000106 (0x00000297) x 5 0x0000000080000106
core   0: 0x000000008000010a (0x01428293) addi    t0, t0, 20
core   0: 3 0x000000008000010a (0x01428293) x 5 0x000000008000011a
core   0: 0x000000008000010e (0x34129073) csrw    mepc, t0
core   0: 3 0x000000008000010e (0x34129073) c833_mepc 0x000000008000011a
core   0: 0x0000000080000112 (0xf1402573) csrr    a0, mhartid
core   0: 3 0x0000000080000112 (0xf1402573) x10 0x0000000000000000
core   0: 0x0000000080000116 (0x30200073) mret
core   0: 3 0x0000000080000116 (0x30200073) c768_mstatus 0x0000000a00000080
core   0: >>>>  START
core   0: 0x000000008000011a (0x0000418d) c.li    gp, 3
core   0: 3 0x000000008000011a (0x418d) x 3 0x0000000000000003
core   0: 0x000000008000011c (0x00002417) auipc   s0, 0x2
core   0: 3 0x000000008000011c (0x00002417) x 8 0x000000008000211c
core   0: 0x0000000080000120 (0xee440413) addi    s0, s0, -284
core   0: 3 0x0000000080000120 (0xee440413) x 8 0x0000000080002000
core   0: 0x0000000080000124 (0x00004004) c.lw    s1, 0(s0)
core   0: 3 0x0000000080000124 (0x4004) x 9 0x0000000006627912 mem 0x0000000080002000
core   0: 0x0000000080000126 (0x34049073) csrw    mscratch, s1
core   0: 3 0x0000000080000126 (0x34049073) c832_mscratch 0x0000000006627912
core   0: >>>>  Test_CSRRW
core   0: 0x000000008000012a (0x34049173) csrrw   sp, mscratch, s1
core   0: 3 0x000000008000012a (0x34049173) x 2 0x0000000006627912 c832_mscratch 0x0000000006627912
core   0: 0x000000008000012e (0x04111963) bne     sp, ra, pc + 82
core   0: 3 0x000000008000012e (0x04111963)
core   0: >>>>  fail_csrrw
core   0: 0x0000000080000180 (0x00004685) c.li    a3, 1
core   0: 3 0x0000000080000180 (0x4685) x13 0x0000000000000001
core   0: 0x0000000080000182 (0x0000bf45) c.j     pc - 80
core   0: 3 0x0000000080000182 (0xbf45)
core   0: >>>>  Test_CSRRS
core   0: 0x0000000080000132 (0x00006241) c.lui   tp, 0x10
core   0: 3 0x0000000080000132 (0x6241) x 4 0x0000000000010000
core   0: 0x0000000080000134 (0x0000327d) c.addiw tp, -1
core   0: 3 0x0000000080000134 (0x327d) x 4 0x000000000000ffff
core   0: 0x0000000080000136 (0x340222f3) csrrs   t0, mscratch, tp
core   0: 3 0x0000000080000136 (0x340222f3) x 5 0x0000000006627912 c832_mscratch 0x000000000662ffff
core   0: 0x000000008000013a (0x04429563) bne     t0, tp, pc + 74
core   0: 3 0x000000008000013a (0x04429563)
core   0: >>>>  fail_csrrs
core   0: 0x0000000080000184 (0x00004689) c.li    a3, 2
core   0: 3 0x0000000080000184 (0x4689) x13 0x0000000000000002
core   0: 0x0000000080000186 (0x0000bf65) c.j     pc - 72
core   0: 3 0x0000000080000186 (0xbf65)
core   0: >>>>  Test_CSRRC
core   0: 0x000000008000013e (0x00006341) c.lui   t1, 0x10
core   0: 3 0x000000008000013e (0x6341) x 6 0x0000000000010000
core   0: 0x0000000080000140 (0x0000337d) c.addiw t1, -1
core   0: 3 0x0000000080000140 (0x337d) x 6 0x000000000000ffff
core   0: 0x0000000080000142 (0x00000342) c.slli  t1, 16
core   0: 3 0x0000000080000142 (0x0342) x 6 0x00000000ffff0000
core   0: 0x0000000080000144 (0x340333f3) csrrc   t2, mscratch, t1
core   0: 3 0x0000000080000144 (0x340333f3) x 7 0x000000000662ffff c832_mscratch 0x000000000000ffff
core   0: 0x0000000080000148 (0x04429063) bne     t0, tp, pc + 64
core   0: 3 0x0000000080000148 (0x04429063)
core   0: >>>>  fail_csrrc
core   0: 0x0000000080000188 (0x0000468d) c.li    a3, 3
core   0: 3 0x0000000080000188 (0x468d) x13 0x0000000000000003
core   0: 0x000000008000018a (0x0000b7c9) c.j     pc - 62
core   0: 3 0x000000008000018a (0xb7c9)
core   0: >>>>  Test_CSRRWI
core   0: 0x000000008000014c (0x000223b7) lui     t2, 0x22
core   0: 3 0x000000008000014c (0x000223b7) x 7 0x0000000000022000
core   0: 0x0000000080000150 (0xd953839b) addiw   t2, t2, -619
core   0: 3 0x0000000080000150 (0xd953839b) x 7 0x0000000000021d95
core   0: 0x0000000080000154 (0x000003ba) c.slli  t2, 14
core   0: 3 0x0000000080000154 (0x03ba) x 7 0x0000000087654000
core   0: 0x0000000080000156 (0x32138393) addi    t2, t2, 801
core   0: 3 0x0000000080000156 (0x32138393) x 7 0x0000000087654321
core   0: 0x000000008000015a (0x34065473) csrrwi  s0, mscratch, 12
core   0: 3 0x000000008000015a (0x34065473) x 8 0x000000000000ffff c832_mscratch 0x000000000000000c
core   0: 0x000000008000015e (0x02741763) bne     s0, t2, pc + 46
core   0: 3 0x000000008000015e (0x02741763)
core   0: >>>>  fail_csrrwi
core   0: 0x000000008000018c (0x00004691) c.li    a3, 4
core   0: 3 0x000000008000018c (0x4691) x13 0x0000000000000004
core   0: 0x000000008000018e (0x0000bfd1) c.j     pc - 44
core   0: 3 0x000000008000018e (0xbfd1)
core   0: >>>>  Test_CSRRSI
core   0: 0x0000000080000162 (0x000064c1) c.lui   s1, 0x10
core   0: 3 0x0000000080000162 (0x64c1) x 9 0x0000000000010000
core   0: 0x0000000080000164 (0x000034fd) c.addiw s1, -1
core   0: 3 0x0000000080000164 (0x34fd) x 9 0x000000000000ffff
core   0: 0x0000000080000166 (0x34086573) csrrsi  a0, mscratch, 16
core   0: 3 0x0000000080000166 (0x34086573) x10 0x000000000000000c c832_mscratch 0x000000000000001c
core   0: 0x000000008000016a (0x02951363) bne     a0, s1, pc + 38
core   0: 3 0x000000008000016a (0x02951363)
core   0: >>>>  fail_csrrsi
core   0: 0x0000000080000190 (0x00004695) c.li    a3, 5
core   0: 3 0x0000000080000190 (0x4695) x13 0x0000000000000005
core   0: 0x0000000080000192 (0x0000bff1) c.j     pc - 36
core   0: 3 0x0000000080000192 (0xbff1)
core   0: >>>>  Test_CSRRCI
core   0: 0x000000008000016e (0x000065c1) c.lui   a1, 0x10
core   0: 3 0x000000008000016e (0x65c1) x11 0x0000000000010000
core   0: 0x0000000080000170 (0x000035fd) c.addiw a1, -1
core   0: 3 0x0000000080000170 (0x35fd) x11 0x000000000000ffff
core   0: 0x0000000080000172 (0x000005c2) c.slli  a1, 16
core   0: 3 0x0000000080000172 (0x05c2) x11 0x00000000ffff0000
core   0: 0x0000000080000174 (0x340b7673) csrrci  a2, mscratch, 22
core   0: 3 0x0000000080000174 (0x340b7673) x12 0x000000000000001c c832_mscratch 0x0000000000000008
core   0: 0x0000000080000178 (0x00b61e63) bne     a2, a1, pc + 28
core   0: 3 0x0000000080000178 (0x00b61e63)
core   0: >>>>  fail_csrrci
core   0: 0x0000000080000194 (0x00004699) c.li    a3, 6
core   0: 3 0x0000000080000194 (0x4699) x13 0x0000000000000006
core   0: 0x0000000080000196 (0x0000a009) c.j     pc + 2
core   0: 3 0x0000000080000196 (0xa009)
core   0: >>>>  exit
core   0: 0x0000000080000198 (0x00000001) c.nop
core   0: 3 0x0000000080000198 (0x0001)
core   0: 0x000000008000019a (0x00301f63) bne     zero, gp, pc + 30
core   0: 3 0x000000008000019a (0x00301f63)
core   0: >>>>  pass
core   0: 0x00000000800001b8 (0x0ff0000f) fence   iorw,iorw
core   0: 3 0x00000000800001b8 (0x0ff0000f)
core   0: 0x00000000800001bc (0x00004185) c.li    gp, 1
core   0: 3 0x00000000800001bc (0x4185) x 3 0x0000000000000001
core   0: 0x00000000800001be (0x05d00893) li      a7, 93
core   0: 3 0x00000000800001be (0x05d00893) x17 0x000000000000005d
core   0: 0x00000000800001c2 (0x00004501) c.li    a0, 0
core   0: 3 0x00000000800001c2 (0x4501) x10 0x0000000000000000
core   0: 0x00000000800001c4 (0x00000073) ecall
core   0: exception trap_machine_ecall, epc 0x00000000800001c4
core   0: >>>>  trap_vector
core   0: 0x0000000080000004 (0x34202f73) csrr    t5, mcause
core   0: 3 0x0000000080000004 (0x34202f73) x30 0x000000000000000b
core   0: 0x0000000080000008 (0x00004fa1) c.li    t6, 8
core   0: 3 0x0000000080000008 (0x4fa1) x31 0x0000000000000008
core   0: 0x000000008000000a (0x03ff0463) beq     t5, t6, pc + 40
core   0: 3 0x000000008000000a (0x03ff0463)
core   0: 0x000000008000000e (0x00004fa5) c.li    t6, 9
core   0: 3 0x000000008000000e (0x4fa5) x31 0x0000000000000009
core   0: 0x0000000080000010 (0x03ff0163) beq     t5, t6, pc + 34
core   0: 3 0x0000000080000010 (0x03ff0163)
core   0: 0x0000000080000014 (0x00004fad) c.li    t6, 11
core   0: 3 0x0000000080000014 (0x4fad) x31 0x000000000000000b
core   0: 0x0000000080000016 (0x01ff0e63) beq     t5, t6, pc + 28
core   0: 3 0x0000000080000016 (0x01ff0e63)
core   0: >>>>  write_tohost
core   0: 0x0000000080000032 (0x00001f17) auipc   t5, 0x1
core   0: 3 0x0000000080000032 (0x00001f17) x30 0x0000000080001032
core   0: 0x0000000080000036 (0xfc3f2723) sw      gp, -50(t5)
core   0: 3 0x0000000080000036 (0xfc3f2723) mem 0x0000000080001000 0x00000001
core   0: >>>>  shakti_end
core   0: 0x000000008000003a (0x0000100f) fence.i
core   0: 3 0x000000008000003a (0x0000100f)
core   0: 0x000000008000003e (0x00020fb7) lui     t6, 0x20
core   0: 3 0x000000008000003e (0x00020fb7) x31 0x0000000000020000
core   0: 0x0000000080000042 (0x00002f17) auipc   t5, 0x2
core   0: 3 0x0000000080000042 (0x00002f17) x30 0x0000000080002042
core   0: 0x0000000080000046 (0xfbef0f13) addi    t5, t5, -66
core   0: 3 0x0000000080000046 (0xfbef0f13) x30 0x0000000080002000
core   0: 0x000000008000004a (0x01efa023) sw      t5, 0(t6)
core   0: exception trap_store_access_fault, epc 0x000000008000004a
core   0:           tval 0x0000000000020000
