core   0: 0x0000000000001000 (0x00000297) auipc   t0, 0x0
core   0: 3 0x0000000000001000 (0x00000297) x 5 0x0000000000001000
core   0: 0x0000000000001004 (0x02028593) addi    a1, t0, 32
core   0: 3 0x0000000000001004 (0x02028593) x11 0x0000000000001020
core   0: 0x0000000000001008 (0xf1402573) csrr    a0, mhartid
core   0: 3 0x0000000000001008 (0xf1402573) x10 0x0000000000000000
core   0: 0x000000000000100c (0x0182b283) ld      t0, 24(t0)
core   0: 3 0x000000000000100c (0x0182b283) x 5 0x0000000080000000 mem 0x0000000000001018
core   0: 0x0000000000001010 (0x00028067) jr      t0
core   0: 3 0x0000000000001010 (0x00028067)
core   0: >>>>  _start
core   0: 0x0000000080000000 (0x0000a8b9) c.j     pc + 94
core   0: 3 0x0000000080000000 (0xa8b9)
core   0: >>>>  reset_vector
core   0: 0x000000008000005e (0x00004081) c.li    ra, 0
core   0: 3 0x000000008000005e (0x4081) x 1 0x0000000000000000
core   0: 0x0000000080000060 (0x00004101) c.li    sp, 0
core   0: 3 0x0000000080000060 (0x4101) x 2 0x0000000000000000
core   0: 0x0000000080000062 (0x00004181) c.li    gp, 0
core   0: 3 0x0000000080000062 (0x4181) x 3 0x0000000000000000
core   0: 0x0000000080000064 (0x00004201) c.li    tp, 0
core   0: 3 0x0000000080000064 (0x4201) x 4 0x0000000000000000
core   0: 0x0000000080000066 (0x00004281) c.li    t0, 0
core   0: 3 0x0000000080000066 (0x4281) x 5 0x0000000000000000
core   0: 0x0000000080000068 (0x00004301) c.li    t1, 0
core   0: 3 0x0000000080000068 (0x4301) x 6 0x0000000000000000
core   0: 0x000000008000006a (0x00004381) c.li    t2, 0
core   0: 3 0x000000008000006a (0x4381) x 7 0x0000000000000000
core   0: 0x000000008000006c (0x00004401) c.li    s0, 0
core   0: 3 0x000000008000006c (0x4401) x 8 0x0000000000000000
core   0: 0x000000008000006e (0x00004481) c.li    s1, 0
core   0: 3 0x000000008000006e (0x4481) x 9 0x0000000000000000
core   0: 0x0000000080000070 (0x00004501) c.li    a0, 0
core   0: 3 0x0000000080000070 (0x4501) x10 0x0000000000000000
core   0: 0x0000000080000072 (0x00004581) c.li    a1, 0
core   0: 3 0x0000000080000072 (0x4581) x11 0x0000000000000000
core   0: 0x0000000080000074 (0x00004601) c.li    a2, 0
core   0: 3 0x0000000080000074 (0x4601) x12 0x0000000000000000
core   0: 0x0000000080000076 (0x00004681) c.li    a3, 0
core   0: 3 0x0000000080000076 (0x4681) x13 0x0000000000000000
core   0: 0x0000000080000078 (0x00004701) c.li    a4, 0
core   0: 3 0x0000000080000078 (0x4701) x14 0x0000000000000000
core   0: 0x000000008000007a (0x00004781) c.li    a5, 0
core   0: 3 0x000000008000007a (0x4781) x15 0x0000000000000000
core   0: 0x000000008000007c (0x00004801) c.li    a6, 0
core   0: 3 0x000000008000007c (0x4801) x16 0x0000000000000000
core   0: 0x000000008000007e (0x00004881) c.li    a7, 0
core   0: 3 0x000000008000007e (0x4881) x17 0x0000000000000000
core   0: 0x0000000080000080 (0x00004901) c.li    s2, 0
core   0: 3 0x0000000080000080 (0x4901) x18 0x0000000000000000
core   0: 0x0000000080000082 (0x00004981) c.li    s3, 0
core   0: 3 0x0000000080000082 (0x4981) x19 0x0000000000000000
core   0: 0x0000000080000084 (0x00004a01) c.li    s4, 0
core   0: 3 0x0000000080000084 (0x4a01) x20 0x0000000000000000
core   0: 0x0000000080000086 (0x00004a81) c.li    s5, 0
core   0: 3 0x0000000080000086 (0x4a81) x21 0x0000000000000000
core   0: 0x0000000080000088 (0x00004b01) c.li    s6, 0
core   0: 3 0x0000000080000088 (0x4b01) x22 0x0000000000000000
core   0: 0x000000008000008a (0x00004b81) c.li    s7, 0
core   0: 3 0x000000008000008a (0x4b81) x23 0x0000000000000000
core   0: 0x000000008000008c (0x00004c01) c.li    s8, 0
core   0: 3 0x000000008000008c (0x4c01) x24 0x0000000000000000
core   0: 0x000000008000008e (0x00004c81) c.li    s9, 0
core   0: 3 0x000000008000008e (0x4c81) x25 0x0000000000000000
core   0: 0x0000000080000090 (0x00004d01) c.li    s10, 0
core   0: 3 0x0000000080000090 (0x4d01) x26 0x0000000000000000
core   0: 0x0000000080000092 (0x00004d81) c.li    s11, 0
core   0: 3 0x0000000080000092 (0x4d81) x27 0x0000000000000000
core   0: 0x0000000080000094 (0x00004e01) c.li    t3, 0
core   0: 3 0x0000000080000094 (0x4e01) x28 0x0000000000000000
core   0: 0x0000000080000096 (0x00004e81) c.li    t4, 0
core   0: 3 0x0000000080000096 (0x4e81) x29 0x0000000000000000
core   0: 0x0000000080000098 (0x00004f01) c.li    t5, 0
core   0: 3 0x0000000080000098 (0x4f01) x30 0x0000000000000000
core   0: 0x000000008000009a (0x00004f81) c.li    t6, 0
core   0: 3 0x000000008000009a (0x4f81) x31 0x0000000000000000
core   0: 0x000000008000009c (0xf1402573) csrr    a0, mhartid
core   0: 3 0x000000008000009c (0xf1402573) x10 0x0000000000000000
core   0: 0x00000000800000a0 (0x0000e101) c.bnez  a0, pc + 0
core   0: 3 0x00000000800000a0 (0xe101)
core   0: 0x00000000800000a2 (0x30405073) csrwi   mie, 0
core   0: 3 0x00000000800000a2 (0x30405073) c772_mie 0x0000000000000000
core   0: 0x00000000800000a6 (0x00000297) auipc   t0, 0x0
core   0: 3 0x00000000800000a6 (0x00000297) x 5 0x00000000800000a6
core   0: 0x00000000800000aa (0x01628293) addi    t0, t0, 22
core   0: 3 0x00000000800000aa (0x01628293) x 5 0x00000000800000bc
core   0: 0x00000000800000ae (0x30529073) csrw    mtvec, t0
core   0: 3 0x00000000800000ae (0x30529073) c773_mtvec 0x00000000800000bc
core   0: 0x00000000800000b2 (0x30205073) csrwi   medeleg, 0
core   0: 3 0x00000000800000b2 (0x30205073) c770_medeleg 0x0000000000000000
core   0: 0x00000000800000b6 (0x30305073) csrwi   mideleg, 0
core   0: 3 0x00000000800000b6 (0x30305073) c771_mideleg 0x0000000000000000
core   0: 0x00000000800000ba (0x00000001) c.nop
core   0: 3 0x00000000800000ba (0x0001)
core   0: 0x00000000800000bc (0x00004181) c.li    gp, 0
core   0: 3 0x00000000800000bc (0x4181) x 3 0x0000000000000000
core   0: 0x00000000800000be (0x00000297) auipc   t0, 0x0
core   0: 3 0x00000000800000be (0x00000297) x 5 0x00000000800000be
core   0: 0x00000000800000c2 (0xf4628293) addi    t0, t0, -186
core   0: 3 0x00000000800000c2 (0xf4628293) x 5 0x0000000080000004
core   0: 0x00000000800000c6 (0x30529073) csrw    mtvec, t0
core   0: 3 0x00000000800000c6 (0x30529073) c773_mtvec 0x0000000080000004
core   0: 0x00000000800000ca (0x00004505) c.li    a0, 1
core   0: 3 0x00000000800000ca (0x4505) x10 0x0000000000000001
core   0: 0x00000000800000cc (0x0000057e) c.slli  a0, 31
core   0: 3 0x00000000800000cc (0x057e) x10 0x0000000080000000
core   0: 0x00000000800000ce (0x00055a63) bgez    a0, pc + 20
core   0: 3 0x00000000800000ce (0x00055a63)
core   0: 0x00000000800000e2 (0x00000293) li      t0, 0
core   0: 3 0x00000000800000e2 (0x00000293) x 5 0x0000000000000000
core   0: 0x00000000800000e6 (0x00028963) beqz    t0, pc + 18
core   0: 3 0x00000000800000e6 (0x00028963)
core   0: 0x00000000800000f8 (0x30005073) csrwi   mstatus, 0
core   0: 3 0x00000000800000f8 (0x30005073) c768_mstatus 0x0000000a00000000
core   0: 0x00000000800000fc (0x00000297) auipc   t0, 0x0
core   0: 3 0x00000000800000fc (0x00000297) x 5 0x00000000800000fc
core   0: 0x0000000080000100 (0x01428293) addi    t0, t0, 20
core   0: 3 0x0000000080000100 (0x01428293) x 5 0x0000000080000110
core   0: 0x0000000080000104 (0x34129073) csrw    mepc, t0
core   0: 3 0x0000000080000104 (0x34129073) c833_mepc 0x0000000080000110
core   0: 0x0000000080000108 (0xf1402573) csrr    a0, mhartid
core   0: 3 0x0000000080000108 (0xf1402573) x10 0x0000000000000000
core   0: 0x000000008000010c (0x30200073) mret
core   0: 3 0x000000008000010c (0x30200073) c768_mstatus 0x0000000a00000080
core   0: 0x0000000080000110 (0x00004081) c.li    ra, 0
core   0: 0 0x0000000080000110 (0x4081) x 1 0x0000000000000000
core   0: 0x0000000080000112 (0x00004101) c.li    sp, 0
core   0: 0 0x0000000080000112 (0x4101) x 2 0x0000000000000000
core   0: 0x0000000080000114 (0x00004181) c.li    gp, 0
core   0: 0 0x0000000080000114 (0x4181) x 3 0x0000000000000000
core   0: 0x0000000080000116 (0x00004201) c.li    tp, 0
core   0: 0 0x0000000080000116 (0x4201) x 4 0x0000000000000000
core   0: 0x0000000080000118 (0x00004281) c.li    t0, 0
core   0: 0 0x0000000080000118 (0x4281) x 5 0x0000000000000000
core   0: 0x000000008000011a (0x00004301) c.li    t1, 0
core   0: 0 0x000000008000011a (0x4301) x 6 0x0000000000000000
core   0: 0x000000008000011c (0x00004381) c.li    t2, 0
core   0: 0 0x000000008000011c (0x4381) x 7 0x0000000000000000
core   0: 0x000000008000011e (0x00004401) c.li    s0, 0
core   0: 0 0x000000008000011e (0x4401) x 8 0x0000000000000000
core   0: 0x0000000080000120 (0x00004509) c.li    a0, 2
core   0: 0 0x0000000080000120 (0x4509) x10 0x0000000000000002
core   0: >>>>  outer_for
core   0: 0x0000000080000122 (0x08a0d863) bge     ra, a0, pc + 144
core   0: 0 0x0000000080000122 (0x08a0d863)
core   0: >>>>  for1
core   0: 0x0000000080000126 (0x06a15f63) bge     sp, a0, pc + 126
core   0: 0 0x0000000080000126 (0x06a15f63)
core   0: >>>>  for2
core   0: 0x000000008000012a (0x06a1d663) bge     gp, a0, pc + 108
core   0: 0 0x000000008000012a (0x06a1d663)
core   0: >>>>  for3
core   0: 0x000000008000012e (0x04a25d63) bge     tp, a0, pc + 90
core   0: 0 0x000000008000012e (0x04a25d63)
core   0: >>>>  for4
core   0: 0x0000000080000132 (0x04a2d463) bge     t0, a0, pc + 72
core   0: 0 0x0000000080000132 (0x04a2d463)
core   0: >>>>  for5
core   0: 0x0000000080000136 (0x02a35b63) bge     t1, a0, pc + 54
core   0: 0 0x0000000080000136 (0x02a35b63)
core   0: >>>>  for6
core   0: 0x000000008000013a (0x02a3d263) bge     t2, a0, pc + 36
core   0: 0 0x000000008000013a (0x02a3d263)
core   0: >>>>  for7
core   0: 0x000000008000013e (0x00a45963) bge     s0, a0, pc + 18
core   0: 0 0x000000008000013e (0x00a45963)
core   0: 0x0000000080000142 (0x00000405) c.addi  s0, 1
core   0: 0 0x0000000080000142 (0x0405) x 8 0x0000000000000001
core   0: 0x0000000080000144 (0x00000917) auipc   s2, 0x0
core   0: 0 0x0000000080000144 (0x00000917) x18 0x0000000080000144
core   0: 0x0000000080000148 (0xffa90913) addi    s2, s2, -6
core   0: 0 0x0000000080000148 (0xffa90913) x18 0x000000008000013e
core   0: 0x000000008000014c (0x000900e7) jalr    s2
core   0: 0 0x000000008000014c (0x000900e7) x 1 0x0000000080000150
core   0: >>>>  for7
core   0: 0x000000008000013e (0x00a45963) bge     s0, a0, pc + 18
core   0: 0 0x000000008000013e (0x00a45963)
core   0: 0x0000000080000142 (0x00000405) c.addi  s0, 1
core   0: 0 0x0000000080000142 (0x0405) x 8 0x0000000000000002
core   0: 0x0000000080000144 (0x00000917) auipc   s2, 0x0
core   0: 0 0x0000000080000144 (0x00000917) x18 0x0000000080000144
core   0: 0x0000000080000148 (0xffa90913) addi    s2, s2, -6
core   0: 0 0x0000000080000148 (0xffa90913) x18 0x000000008000013e
core   0: 0x000000008000014c (0x000900e7) jalr    s2
core   0: 0 0x000000008000014c (0x000900e7) x 1 0x0000000080000150
core   0: >>>>  for7
core   0: 0x000000008000013e (0x00a45963) bge     s0, a0, pc + 18
core   0: 0 0x000000008000013e (0x00a45963)
core   0: >>>>  end7
core   0: 0x0000000080000150 (0x00000385) c.addi  t2, 1
core   0: 0 0x0000000080000150 (0x0385) x 7 0x0000000000000001
core   0: 0x0000000080000152 (0x00000997) auipc   s3, 0x0
core   0: 0 0x0000000080000152 (0x00000997) x19 0x0000000080000152
core   0: 0x0000000080000156 (0xfe898993) addi    s3, s3, -24
core   0: 0 0x0000000080000156 (0xfe898993) x19 0x000000008000013a
core   0: 0x000000008000015a (0x000980e7) jalr    s3
core   0: 0 0x000000008000015a (0x000980e7) x 1 0x000000008000015e
core   0: >>>>  for6
core   0: 0x000000008000013a (0x02a3d263) bge     t2, a0, pc + 36
core   0: 0 0x000000008000013a (0x02a3d263)
core   0: >>>>  for7
core   0: 0x000000008000013e (0x00a45963) bge     s0, a0, pc + 18
core   0: 0 0x000000008000013e (0x00a45963)
core   0: >>>>  end7
core   0: 0x0000000080000150 (0x00000385) c.addi  t2, 1
core   0: 0 0x0000000080000150 (0x0385) x 7 0x0000000000000002
core   0: 0x0000000080000152 (0x00000997) auipc   s3, 0x0
core   0: 0 0x0000000080000152 (0x00000997) x19 0x0000000080000152
core   0: 0x0000000080000156 (0xfe898993) addi    s3, s3, -24
core   0: 0 0x0000000080000156 (0xfe898993) x19 0x000000008000013a
core   0: 0x000000008000015a (0x000980e7) jalr    s3
core   0: 0 0x000000008000015a (0x000980e7) x 1 0x000000008000015e
core   0: >>>>  for6
core   0: 0x000000008000013a (0x02a3d263) bge     t2, a0, pc + 36
core   0: 0 0x000000008000013a (0x02a3d263)
core   0: >>>>  end6
core   0: 0x000000008000015e (0x00000305) c.addi  t1, 1
core   0: 0 0x000000008000015e (0x0305) x 6 0x0000000000000001
core   0: 0x0000000080000160 (0x00000a17) auipc   s4, 0x0
core   0: 0 0x0000000080000160 (0x00000a17) x20 0x0000000080000160
core   0: 0x0000000080000164 (0xfd6a0a13) addi    s4, s4, -42
core   0: 0 0x0000000080000164 (0xfd6a0a13) x20 0x0000000080000136
core   0: 0x0000000080000168 (0x000a00e7) jalr    s4
core   0: 0 0x0000000080000168 (0x000a00e7) x 1 0x000000008000016c
core   0: >>>>  for5
core   0: 0x0000000080000136 (0x02a35b63) bge     t1, a0, pc + 54
core   0: 0 0x0000000080000136 (0x02a35b63)
core   0: >>>>  for6
core   0: 0x000000008000013a (0x02a3d263) bge     t2, a0, pc + 36
core   0: 0 0x000000008000013a (0x02a3d263)
core   0: >>>>  end6
core   0: 0x000000008000015e (0x00000305) c.addi  t1, 1
core   0: 0 0x000000008000015e (0x0305) x 6 0x0000000000000002
core   0: 0x0000000080000160 (0x00000a17) auipc   s4, 0x0
core   0: 0 0x0000000080000160 (0x00000a17) x20 0x0000000080000160
core   0: 0x0000000080000164 (0xfd6a0a13) addi    s4, s4, -42
core   0: 0 0x0000000080000164 (0xfd6a0a13) x20 0x0000000080000136
core   0: 0x0000000080000168 (0x000a00e7) jalr    s4
core   0: 0 0x0000000080000168 (0x000a00e7) x 1 0x000000008000016c
core   0: >>>>  for5
core   0: 0x0000000080000136 (0x02a35b63) bge     t1, a0, pc + 54
core   0: 0 0x0000000080000136 (0x02a35b63)
core   0: >>>>  end5
core   0: 0x000000008000016c (0x00000285) c.addi  t0, 1
core   0: 0 0x000000008000016c (0x0285) x 5 0x0000000000000001
core   0: 0x000000008000016e (0x00000a97) auipc   s5, 0x0
core   0: 0 0x000000008000016e (0x00000a97) x21 0x000000008000016e
core   0: 0x0000000080000172 (0xfc4a8a93) addi    s5, s5, -60
core   0: 0 0x0000000080000172 (0xfc4a8a93) x21 0x0000000080000132
core   0: 0x0000000080000176 (0x000a80e7) jalr    s5
core   0: 0 0x0000000080000176 (0x000a80e7) x 1 0x000000008000017a
core   0: >>>>  for4
core   0: 0x0000000080000132 (0x04a2d463) bge     t0, a0, pc + 72
core   0: 0 0x0000000080000132 (0x04a2d463)
core   0: >>>>  for5
core   0: 0x0000000080000136 (0x02a35b63) bge     t1, a0, pc + 54
core   0: 0 0x0000000080000136 (0x02a35b63)
core   0: >>>>  end5
core   0: 0x000000008000016c (0x00000285) c.addi  t0, 1
core   0: 0 0x000000008000016c (0x0285) x 5 0x0000000000000002
core   0: 0x000000008000016e (0x00000a97) auipc   s5, 0x0
core   0: 0 0x000000008000016e (0x00000a97) x21 0x000000008000016e
core   0: 0x0000000080000172 (0xfc4a8a93) addi    s5, s5, -60
core   0: 0 0x0000000080000172 (0xfc4a8a93) x21 0x0000000080000132
core   0: 0x0000000080000176 (0x000a80e7) jalr    s5
core   0: 0 0x0000000080000176 (0x000a80e7) x 1 0x000000008000017a
core   0: >>>>  for4
core   0: 0x0000000080000132 (0x04a2d463) bge     t0, a0, pc + 72
core   0: 0 0x0000000080000132 (0x04a2d463)
core   0: >>>>  end4
core   0: 0x000000008000017a (0x00000205) c.addi  tp, 1
core   0: 0 0x000000008000017a (0x0205) x 4 0x0000000000000001
core   0: 0x000000008000017c (0x00000b17) auipc   s6, 0x0
core   0: 0 0x000000008000017c (0x00000b17) x22 0x000000008000017c
core   0: 0x0000000080000180 (0xfb2b0b13) addi    s6, s6, -78
core   0: 0 0x0000000080000180 (0xfb2b0b13) x22 0x000000008000012e
core   0: 0x0000000080000184 (0x000b00e7) jalr    s6
core   0: 0 0x0000000080000184 (0x000b00e7) x 1 0x0000000080000188
core   0: >>>>  for3
core   0: 0x000000008000012e (0x04a25d63) bge     tp, a0, pc + 90
core   0: 0 0x000000008000012e (0x04a25d63)
core   0: >>>>  for4
core   0: 0x0000000080000132 (0x04a2d463) bge     t0, a0, pc + 72
core   0: 0 0x0000000080000132 (0x04a2d463)
core   0: >>>>  end4
core   0: 0x000000008000017a (0x00000205) c.addi  tp, 1
core   0: 0 0x000000008000017a (0x0205) x 4 0x0000000000000002
core   0: 0x000000008000017c (0x00000b17) auipc   s6, 0x0
core   0: 0 0x000000008000017c (0x00000b17) x22 0x000000008000017c
core   0: 0x0000000080000180 (0xfb2b0b13) addi    s6, s6, -78
core   0: 0 0x0000000080000180 (0xfb2b0b13) x22 0x000000008000012e
core   0: 0x0000000080000184 (0x000b00e7) jalr    s6
core   0: 0 0x0000000080000184 (0x000b00e7) x 1 0x0000000080000188
core   0: >>>>  for3
core   0: 0x000000008000012e (0x04a25d63) bge     tp, a0, pc + 90
core   0: 0 0x000000008000012e (0x04a25d63)
core   0: >>>>  end3
core   0: 0x0000000080000188 (0x00000185) c.addi  gp, 1
core   0: 0 0x0000000080000188 (0x0185) x 3 0x0000000000000001
core   0: 0x000000008000018a (0x00000b97) auipc   s7, 0x0
core   0: 0 0x000000008000018a (0x00000b97) x23 0x000000008000018a
core   0: 0x000000008000018e (0xfa0b8b93) addi    s7, s7, -96
core   0: 0 0x000000008000018e (0xfa0b8b93) x23 0x000000008000012a
core   0: 0x0000000080000192 (0x000b80e7) jalr    s7
core   0: 0 0x0000000080000192 (0x000b80e7) x 1 0x0000000080000196
core   0: >>>>  for2
core   0: 0x000000008000012a (0x06a1d663) bge     gp, a0, pc + 108
core   0: 0 0x000000008000012a (0x06a1d663)
core   0: >>>>  for3
core   0: 0x000000008000012e (0x04a25d63) bge     tp, a0, pc + 90
core   0: 0 0x000000008000012e (0x04a25d63)
core   0: >>>>  end3
core   0: 0x0000000080000188 (0x00000185) c.addi  gp, 1
core   0: 0 0x0000000080000188 (0x0185) x 3 0x0000000000000002
core   0: 0x000000008000018a (0x00000b97) auipc   s7, 0x0
core   0: 0 0x000000008000018a (0x00000b97) x23 0x000000008000018a
core   0: 0x000000008000018e (0xfa0b8b93) addi    s7, s7, -96
core   0: 0 0x000000008000018e (0xfa0b8b93) x23 0x000000008000012a
core   0: 0x0000000080000192 (0x000b80e7) jalr    s7
core   0: 0 0x0000000080000192 (0x000b80e7) x 1 0x0000000080000196
core   0: >>>>  for2
core   0: 0x000000008000012a (0x06a1d663) bge     gp, a0, pc + 108
core   0: 0 0x000000008000012a (0x06a1d663)
core   0: >>>>  end2
core   0: 0x0000000080000196 (0x00000105) c.addi  sp, 1
core   0: 0 0x0000000080000196 (0x0105) x 2 0x0000000000000001
core   0: 0x0000000080000198 (0x00000c17) auipc   s8, 0x0
core   0: 0 0x0000000080000198 (0x00000c17) x24 0x0000000080000198
core   0: 0x000000008000019c (0xf8ec0c13) addi    s8, s8, -114
core   0: 0 0x000000008000019c (0xf8ec0c13) x24 0x0000000080000126
core   0: 0x00000000800001a0 (0x000c00e7) jalr    s8
core   0: 0 0x00000000800001a0 (0x000c00e7) x 1 0x00000000800001a4
core   0: >>>>  for1
core   0: 0x0000000080000126 (0x06a15f63) bge     sp, a0, pc + 126
core   0: 0 0x0000000080000126 (0x06a15f63)
core   0: >>>>  for2
core   0: 0x000000008000012a (0x06a1d663) bge     gp, a0, pc + 108
core   0: 0 0x000000008000012a (0x06a1d663)
core   0: >>>>  end2
core   0: 0x0000000080000196 (0x00000105) c.addi  sp, 1
core   0: 0 0x0000000080000196 (0x0105) x 2 0x0000000000000002
core   0: 0x0000000080000198 (0x00000c17) auipc   s8, 0x0
core   0: 0 0x0000000080000198 (0x00000c17) x24 0x0000000080000198
core   0: 0x000000008000019c (0xf8ec0c13) addi    s8, s8, -114
core   0: 0 0x000000008000019c (0xf8ec0c13) x24 0x0000000080000126
core   0: 0x00000000800001a0 (0x000c00e7) jalr    s8
core   0: 0 0x00000000800001a0 (0x000c00e7) x 1 0x00000000800001a4
core   0: >>>>  for1
core   0: 0x0000000080000126 (0x06a15f63) bge     sp, a0, pc + 126
core   0: 0 0x0000000080000126 (0x06a15f63)
core   0: >>>>  end1
core   0: 0x00000000800001a4 (0x00000085) c.addi  ra, 1
core   0: 0 0x00000000800001a4 (0x0085) x 1 0x00000000800001a5
core   0: 0x00000000800001a6 (0x00000c97) auipc   s9, 0x0
core   0: 0 0x00000000800001a6 (0x00000c97) x25 0x00000000800001a6
core   0: 0x00000000800001aa (0xf7cc8c93) addi    s9, s9, -132
core   0: 0 0x00000000800001aa (0xf7cc8c93) x25 0x0000000080000122
core   0: 0x00000000800001ae (0x000c80e7) jalr    s9
core   0: 0 0x00000000800001ae (0x000c80e7) x 1 0x00000000800001b2
core   0: >>>>  outer_for
core   0: 0x0000000080000122 (0x08a0d863) bge     ra, a0, pc + 144
core   0: 0 0x0000000080000122 (0x08a0d863)
core   0: >>>>  end
core   0: 0x00000000800001b2 (0x00000001) c.nop
core   0: 0 0x00000000800001b2 (0x0001)
core   0: 0x00000000800001b4 (0x00301f63) bne     zero, gp, pc + 30
core   0: 0 0x00000000800001b4 (0x00301f63)
core   0: >>>>  pass
core   0: 0x00000000800001d2 (0x0ff0000f) fence   iorw,iorw
core   0: 0 0x00000000800001d2 (0x0ff0000f)
core   0: 0x00000000800001d6 (0x00004185) c.li    gp, 1
core   0: 0 0x00000000800001d6 (0x4185) x 3 0x0000000000000001
core   0: 0x00000000800001d8 (0x05d00893) li      a7, 93
core   0: 0 0x00000000800001d8 (0x05d00893) x17 0x000000000000005d
core   0: 0x00000000800001dc (0x00004501) c.li    a0, 0
core   0: 0 0x00000000800001dc (0x4501) x10 0x0000000000000000
core   0: 0x00000000800001de (0x00000073) ecall
core   0: exception trap_user_ecall, epc 0x00000000800001de
core   0: >>>>  trap_vector
core   0: 0x0000000080000004 (0x34202f73) csrr    t5, mcause
core   0: 3 0x0000000080000004 (0x34202f73) x30 0x0000000000000008
core   0: 0x0000000080000008 (0x00004fa1) c.li    t6, 8
core   0: 3 0x0000000080000008 (0x4fa1) x31 0x0000000000000008
core   0: 0x000000008000000a (0x03ff0463) beq     t5, t6, pc + 40
core   0: 3 0x000000008000000a (0x03ff0463)
core   0: >>>>  write_tohost
core   0: 0x0000000080000032 (0x00001f17) auipc   t5, 0x1
core   0: 3 0x0000000080000032 (0x00001f17) x30 0x0000000080001032
core   0: 0x0000000080000036 (0xfc3f2723) sw      gp, -50(t5)
core   0: 3 0x0000000080000036 (0xfc3f2723) mem 0x0000000080001000 0x00000001
core   0: >>>>  shakti_end
core   0: 0x000000008000003a (0x0000100f) fence.i
core   0: 3 0x000000008000003a (0x0000100f)
core   0: 0x000000008000003e (0x00020fb7) lui     t6, 0x20
core   0: 3 0x000000008000003e (0x00020fb7) x31 0x0000000000020000
core   0: 0x0000000080000042 (0x00002f17) auipc   t5, 0x2
core   0: 3 0x0000000080000042 (0x00002f17) x30 0x0000000080002042
core   0: 0x0000000080000046 (0xfbef0f13) addi    t5, t5, -66
core   0: 3 0x0000000080000046 (0xfbef0f13) x30 0x0000000080002000
core   0: 0x000000008000004a (0x01efa023) sw      t5, 0(t6)
core   0: exception trap_store_access_fault, epc 0x000000008000004a
core   0:           tval 0x0000000000020000
