core   0: 0x0000000000001000 (0x00000297) auipc   t0, 0x0
core   0: 3 0x0000000000001000 (0x00000297) x 5 0x0000000000001000
core   0: 0x0000000000001004 (0x02028593) addi    a1, t0, 32
core   0: 3 0x0000000000001004 (0x02028593) x11 0x0000000000001020
core   0: 0x0000000000001008 (0xf1402573) csrr    a0, mhartid
core   0: 3 0x0000000000001008 (0xf1402573) x10 0x0000000000000000
core   0: 0x000000000000100c (0x0182b283) ld      t0, 24(t0)
core   0: 3 0x000000000000100c (0x0182b283) x 5 0x0000000080000000 mem 0x0000000000001018
core   0: 0x0000000000001010 (0x00028067) jr      t0
core   0: 3 0x0000000000001010 (0x00028067)
core   0: >>>>  _start
core   0: 0x0000000080000000 (0x0000a8b9) c.j     pc + 94
core   0: 3 0x0000000080000000 (0xa8b9)
core   0: >>>>  reset_vector
core   0: 0x000000008000005e (0x00004081) c.li    ra, 0
core   0: 3 0x000000008000005e (0x4081) x 1 0x0000000000000000
core   0: 0x0000000080000060 (0x00004101) c.li    sp, 0
core   0: 3 0x0000000080000060 (0x4101) x 2 0x0000000000000000
core   0: 0x0000000080000062 (0x00004181) c.li    gp, 0
core   0: 3 0x0000000080000062 (0x4181) x 3 0x0000000000000000
core   0: 0x0000000080000064 (0x00004201) c.li    tp, 0
core   0: 3 0x0000000080000064 (0x4201) x 4 0x0000000000000000
core   0: 0x0000000080000066 (0x00004281) c.li    t0, 0
core   0: 3 0x0000000080000066 (0x4281) x 5 0x0000000000000000
core   0: 0x0000000080000068 (0x00004301) c.li    t1, 0
core   0: 3 0x0000000080000068 (0x4301) x 6 0x0000000000000000
core   0: 0x000000008000006a (0x00004381) c.li    t2, 0
core   0: 3 0x000000008000006a (0x4381) x 7 0x0000000000000000
core   0: 0x000000008000006c (0x00004401) c.li    s0, 0
core   0: 3 0x000000008000006c (0x4401) x 8 0x0000000000000000
core   0: 0x000000008000006e (0x00004481) c.li    s1, 0
core   0: 3 0x000000008000006e (0x4481) x 9 0x0000000000000000
core   0: 0x0000000080000070 (0x00004501) c.li    a0, 0
core   0: 3 0x0000000080000070 (0x4501) x10 0x0000000000000000
core   0: 0x0000000080000072 (0x00004581) c.li    a1, 0
core   0: 3 0x0000000080000072 (0x4581) x11 0x0000000000000000
core   0: 0x0000000080000074 (0x00004601) c.li    a2, 0
core   0: 3 0x0000000080000074 (0x4601) x12 0x0000000000000000
core   0: 0x0000000080000076 (0x00004681) c.li    a3, 0
core   0: 3 0x0000000080000076 (0x4681) x13 0x0000000000000000
core   0: 0x0000000080000078 (0x00004701) c.li    a4, 0
core   0: 3 0x0000000080000078 (0x4701) x14 0x0000000000000000
core   0: 0x000000008000007a (0x00004781) c.li    a5, 0
core   0: 3 0x000000008000007a (0x4781) x15 0x0000000000000000
core   0: 0x000000008000007c (0x00004801) c.li    a6, 0
core   0: 3 0x000000008000007c (0x4801) x16 0x0000000000000000
core   0: 0x000000008000007e (0x00004881) c.li    a7, 0
core   0: 3 0x000000008000007e (0x4881) x17 0x0000000000000000
core   0: 0x0000000080000080 (0x00004901) c.li    s2, 0
core   0: 3 0x0000000080000080 (0x4901) x18 0x0000000000000000
core   0: 0x0000000080000082 (0x00004981) c.li    s3, 0
core   0: 3 0x0000000080000082 (0x4981) x19 0x0000000000000000
core   0: 0x0000000080000084 (0x00004a01) c.li    s4, 0
core   0: 3 0x0000000080000084 (0x4a01) x20 0x0000000000000000
core   0: 0x0000000080000086 (0x00004a81) c.li    s5, 0
core   0: 3 0x0000000080000086 (0x4a81) x21 0x0000000000000000
core   0: 0x0000000080000088 (0x00004b01) c.li    s6, 0
core   0: 3 0x0000000080000088 (0x4b01) x22 0x0000000000000000
core   0: 0x000000008000008a (0x00004b81) c.li    s7, 0
core   0: 3 0x000000008000008a (0x4b81) x23 0x0000000000000000
core   0: 0x000000008000008c (0x00004c01) c.li    s8, 0
core   0: 3 0x000000008000008c (0x4c01) x24 0x0000000000000000
core   0: 0x000000008000008e (0x00004c81) c.li    s9, 0
core   0: 3 0x000000008000008e (0x4c81) x25 0x0000000000000000
core   0: 0x0000000080000090 (0x00004d01) c.li    s10, 0
core   0: 3 0x0000000080000090 (0x4d01) x26 0x0000000000000000
core   0: 0x0000000080000092 (0x00004d81) c.li    s11, 0
core   0: 3 0x0000000080000092 (0x4d81) x27 0x0000000000000000
core   0: 0x0000000080000094 (0x00004e01) c.li    t3, 0
core   0: 3 0x0000000080000094 (0x4e01) x28 0x0000000000000000
core   0: 0x0000000080000096 (0x00004e81) c.li    t4, 0
core   0: 3 0x0000000080000096 (0x4e81) x29 0x0000000000000000
core   0: 0x0000000080000098 (0x00004f01) c.li    t5, 0
core   0: 3 0x0000000080000098 (0x4f01) x30 0x0000000000000000
core   0: 0x000000008000009a (0x00004f81) c.li    t6, 0
core   0: 3 0x000000008000009a (0x4f81) x31 0x0000000000000000
core   0: 0x000000008000009c (0xf1402573) csrr    a0, mhartid
core   0: 3 0x000000008000009c (0xf1402573) x10 0x0000000000000000
core   0: 0x00000000800000a0 (0x0000e101) c.bnez  a0, pc + 0
core   0: 3 0x00000000800000a0 (0xe101)
core   0: 0x00000000800000a2 (0x30405073) csrwi   mie, 0
core   0: 3 0x00000000800000a2 (0x30405073) c772_mie 0x0000000000000000
core   0: 0x00000000800000a6 (0x00000297) auipc   t0, 0x0
core   0: 3 0x00000000800000a6 (0x00000297) x 5 0x00000000800000a6
core   0: 0x00000000800000aa (0x01628293) addi    t0, t0, 22
core   0: 3 0x00000000800000aa (0x01628293) x 5 0x00000000800000bc
core   0: 0x00000000800000ae (0x30529073) csrw    mtvec, t0
core   0: 3 0x00000000800000ae (0x30529073) c773_mtvec 0x00000000800000bc
core   0: 0x00000000800000b2 (0x30205073) csrwi   medeleg, 0
core   0: 3 0x00000000800000b2 (0x30205073) c770_medeleg 0x0000000000000000
core   0: 0x00000000800000b6 (0x30305073) csrwi   mideleg, 0
core   0: 3 0x00000000800000b6 (0x30305073) c771_mideleg 0x0000000000000000
core   0: 0x00000000800000ba (0x00000001) c.nop
core   0: 3 0x00000000800000ba (0x0001)
core   0: 0x00000000800000bc (0x00004181) c.li    gp, 0
core   0: 3 0x00000000800000bc (0x4181) x 3 0x0000000000000000
core   0: 0x00000000800000be (0x00000297) auipc   t0, 0x0
core   0: 3 0x00000000800000be (0x00000297) x 5 0x00000000800000be
core   0: 0x00000000800000c2 (0xf4628293) addi    t0, t0, -186
core   0: 3 0x00000000800000c2 (0xf4628293) x 5 0x0000000080000004
core   0: 0x00000000800000c6 (0x30529073) csrw    mtvec, t0
core   0: 3 0x00000000800000c6 (0x30529073) c773_mtvec 0x0000000080000004
core   0: 0x00000000800000ca (0x00004505) c.li    a0, 1
core   0: 3 0x00000000800000ca (0x4505) x10 0x0000000000000001
core   0: 0x00000000800000cc (0x0000057e) c.slli  a0, 31
core   0: 3 0x00000000800000cc (0x057e) x10 0x0000000080000000
core   0: 0x00000000800000ce (0x00055a63) bgez    a0, pc + 20
core   0: 3 0x00000000800000ce (0x00055a63)
core   0: 0x00000000800000e2 (0x00000293) li      t0, 0
core   0: 3 0x00000000800000e2 (0x00000293) x 5 0x0000000000000000
core   0: 0x00000000800000e6 (0x00028963) beqz    t0, pc + 18
core   0: 3 0x00000000800000e6 (0x00028963)
core   0: 0x00000000800000f8 (0x30005073) csrwi   mstatus, 0
core   0: 3 0x00000000800000f8 (0x30005073) c768_mstatus 0x0000000a00000000
core   0: 0x00000000800000fc (0x00006509) c.lui   a0, 0x2
core   0: 3 0x00000000800000fc (0x6509) x10 0x0000000000002000
core   0: 0x00000000800000fe (0x8005051b) addiw   a0, a0, -2048
core   0: 3 0x00000000800000fe (0x8005051b) x10 0x0000000000001800
core   0: 0x0000000080000102 (0x30052073) csrs    mstatus, a0
core   0: 3 0x0000000080000102 (0x30052073) c768_mstatus 0x0000000a00001800
core   0: 0x0000000080000106 (0x00000297) auipc   t0, 0x0
core   0: 3 0x0000000080000106 (0x00000297) x 5 0x0000000080000106
core   0: 0x000000008000010a (0x01428293) addi    t0, t0, 20
core   0: 3 0x000000008000010a (0x01428293) x 5 0x000000008000011a
core   0: 0x000000008000010e (0x34129073) csrw    mepc, t0
core   0: 3 0x000000008000010e (0x34129073) c833_mepc 0x000000008000011a
core   0: 0x0000000080000112 (0xf1402573) csrr    a0, mhartid
core   0: 3 0x0000000080000112 (0xf1402573) x10 0x0000000000000000
core   0: 0x0000000080000116 (0x30200073) mret
core   0: 3 0x0000000080000116 (0x30200073) c768_mstatus 0x0000000a00000080
core   0: >>>>  lable1
core   0: 0x000000008000011a (0x00004109) c.li    sp, 2
core   0: 3 0x000000008000011a (0x4109) x 2 0x0000000000000002
core   0: 0x000000008000011c (0x00004191) c.li    gp, 4
core   0: 3 0x000000008000011c (0x4191) x 3 0x0000000000000004
core   0: 0x000000008000011e (0x00002917) auipc   s2, 0x2
core   0: 3 0x000000008000011e (0x00002917) x18 0x000000008000211e
core   0: 0x0000000080000122 (0xee290913) addi    s2, s2, -286
core   0: 3 0x0000000080000122 (0xee290913) x18 0x0000000080002000
core   0: 0x0000000080000126 (0x00004301) c.li    t1, 0
core   0: 3 0x0000000080000126 (0x4301) x 6 0x0000000000000000
core   0: 0x0000000080000128 (0x30032073) csrs    mstatus, t1
core   0: 3 0x0000000080000128 (0x30032073) c768_mstatus 0x0000000a00000080
core   0: 0x000000008000012c (0x300023f3) csrr    t2, mstatus
core   0: 3 0x000000008000012c (0x300023f3) x 7 0x0000000a00000080
core   0: 0x0000000080000130 (0x00115113) srli    sp, sp, 1
core   0: 3 0x0000000080000130 (0x00115113) x 2 0x0000000000000001
core   0: 0x0000000080000134 (0x0000020a) c.slli  tp, 2
core   0: 3 0x0000000080000134 (0x020a) x 4 0x0000000000000000
core   0: 0x0000000080000136 (0x022209b3) mul     s3, tp, sp
core   0: 3 0x0000000080000136 (0x022209b3) x19 0x0000000000000000
core   0: 0x000000008000013a (0x00096993) ori     s3, s2, 0
core   0: 3 0x000000008000013a (0x00096993) x19 0x0000000080002000
core   0: 0x000000008000013e (0x012249b3) xor     s3, tp, s2
core   0: 3 0x000000008000013e (0x012249b3) x19 0x0000000080002000
core   0: 0x0000000080000142 (0x341023f3) csrr    t2, mepc
core   0: 3 0x0000000080000142 (0x341023f3) x 7 0x000000008000011a
core   0: 0x0000000080000146 (0x00000397) auipc   t2, 0x0
core   0: 3 0x0000000080000146 (0x00000397) x 7 0x0000000080000146
core   0: 0x000000008000014a (0x01038393) addi    t2, t2, 16
core   0: 3 0x000000008000014a (0x01038393) x 7 0x0000000080000156
core   0: 0x000000008000014e (0x34139073) csrw    mepc, t2
core   0: 3 0x000000008000014e (0x34139073) c833_mepc 0x0000000080000156
core   0: 0x0000000080000152 (0x30200073) mret
core   0: 3 0x0000000080000152 (0x30200073) c768_mstatus 0x0000000a00000088
core   0: >>>>  l2
core   0: 0x0000000080000156 (0x00218233) add     tp, gp, sp
core   0: 0 0x0000000080000156 (0x00218233) x 4 0x0000000000000005
core   0: 0x000000008000015a (0x0000918a) c.add   gp, sp
core   0: 0 0x000000008000015a (0x918a) x 3 0x0000000000000005
core   0: 0x000000008000015c (0x0021f233) and     tp, gp, sp
core   0: 0 0x000000008000015c (0x0021f233) x 4 0x0000000000000001
core   0: 0x0000000080000160 (0x00597213) andi    tp, s2, 5
core   0: 0 0x0000000080000160 (0x00597213) x 4 0x0000000000000000
core   0: 0x0000000080000164 (0x00301f63) bne     zero, gp, pc + 30
core   0: 0 0x0000000080000164 (0x00301f63)
core   0: >>>>  pass
core   0: 0x0000000080000182 (0x0ff0000f) fence   iorw,iorw
core   0: 0 0x0000000080000182 (0x0ff0000f)
core   0: 0x0000000080000186 (0x00004185) c.li    gp, 1
core   0: 0 0x0000000080000186 (0x4185) x 3 0x0000000000000001
core   0: 0x0000000080000188 (0x05d00893) li      a7, 93
core   0: 0 0x0000000080000188 (0x05d00893) x17 0x000000000000005d
core   0: 0x000000008000018c (0x00004501) c.li    a0, 0
core   0: 0 0x000000008000018c (0x4501) x10 0x0000000000000000
core   0: 0x000000008000018e (0x00000073) ecall
core   0: exception trap_user_ecall, epc 0x000000008000018e
core   0: >>>>  trap_vector
core   0: 0x0000000080000004 (0x34202f73) csrr    t5, mcause
core   0: 3 0x0000000080000004 (0x34202f73) x30 0x0000000000000008
core   0: 0x0000000080000008 (0x00004fa1) c.li    t6, 8
core   0: 3 0x0000000080000008 (0x4fa1) x31 0x0000000000000008
core   0: 0x000000008000000a (0x03ff0463) beq     t5, t6, pc + 40
core   0: 3 0x000000008000000a (0x03ff0463)
core   0: >>>>  write_tohost
core   0: 0x0000000080000032 (0x00001f17) auipc   t5, 0x1
core   0: 3 0x0000000080000032 (0x00001f17) x30 0x0000000080001032
core   0: 0x0000000080000036 (0xfc3f2723) sw      gp, -50(t5)
core   0: 3 0x0000000080000036 (0xfc3f2723) mem 0x0000000080001000 0x00000001
core   0: >>>>  shakti_end
core   0: 0x000000008000003a (0x0000100f) fence.i
core   0: 3 0x000000008000003a (0x0000100f)
core   0: 0x000000008000003e (0x00020fb7) lui     t6, 0x20
core   0: 3 0x000000008000003e (0x00020fb7) x31 0x0000000000020000
core   0: 0x0000000080000042 (0x00002f17) auipc   t5, 0x2
core   0: 3 0x0000000080000042 (0x00002f17) x30 0x0000000080002042
core   0: 0x0000000080000046 (0xfbef0f13) addi    t5, t5, -66
core   0: 3 0x0000000080000046 (0xfbef0f13) x30 0x0000000080002000
core   0: 0x000000008000004a (0x01efa023) sw      t5, 0(t6)
core   0: exception trap_store_access_fault, epc 0x000000008000004a
core   0:           tval 0x0000000000020000
