core   0: 0x0000000000001000 (0x00000297) auipc   t0, 0x0
core   0: 3 0x0000000000001000 (0x00000297) x 5 0x0000000000001000
core   0: 0x0000000000001004 (0x02028593) addi    a1, t0, 32
core   0: 3 0x0000000000001004 (0x02028593) x11 0x0000000000001020
core   0: 0x0000000000001008 (0xf1402573) csrr    a0, mhartid
core   0: 3 0x0000000000001008 (0xf1402573) x10 0x0000000000000000
core   0: 0x000000000000100c (0x0182b283) ld      t0, 24(t0)
core   0: 3 0x000000000000100c (0x0182b283) x 5 0x0000000080000000 mem 0x0000000000001018
core   0: 0x0000000000001010 (0x00028067) jr      t0
core   0: 3 0x0000000000001010 (0x00028067)
core   0: >>>>  $xrv64i2p0_m2p0_a2p0_f2p0_d2p0_c2p0_zmmul1p0
core   0: 0x0000000080000000 (0x0000a8b9) c.j     pc + 94
core   0: 3 0x0000000080000000 (0xa8b9)
core   0: >>>>  reset_vector
core   0: 0x000000008000005e (0x00004081) c.li    ra, 0
core   0: 3 0x000000008000005e (0x4081) x 1 0x0000000000000000
core   0: 0x0000000080000060 (0x00004101) c.li    sp, 0
core   0: 3 0x0000000080000060 (0x4101) x 2 0x0000000000000000
core   0: 0x0000000080000062 (0x00004181) c.li    gp, 0
core   0: 3 0x0000000080000062 (0x4181) x 3 0x0000000000000000
core   0: 0x0000000080000064 (0x00004201) c.li    tp, 0
core   0: 3 0x0000000080000064 (0x4201) x 4 0x0000000000000000
core   0: 0x0000000080000066 (0x00004281) c.li    t0, 0
core   0: 3 0x0000000080000066 (0x4281) x 5 0x0000000000000000
core   0: 0x0000000080000068 (0x00004301) c.li    t1, 0
core   0: 3 0x0000000080000068 (0x4301) x 6 0x0000000000000000
core   0: 0x000000008000006a (0x00004381) c.li    t2, 0
core   0: 3 0x000000008000006a (0x4381) x 7 0x0000000000000000
core   0: 0x000000008000006c (0x00004401) c.li    s0, 0
core   0: 3 0x000000008000006c (0x4401) x 8 0x0000000000000000
core   0: 0x000000008000006e (0x00004481) c.li    s1, 0
core   0: 3 0x000000008000006e (0x4481) x 9 0x0000000000000000
core   0: 0x0000000080000070 (0x00004501) c.li    a0, 0
core   0: 3 0x0000000080000070 (0x4501) x10 0x0000000000000000
core   0: 0x0000000080000072 (0x00004581) c.li    a1, 0
core   0: 3 0x0000000080000072 (0x4581) x11 0x0000000000000000
core   0: 0x0000000080000074 (0x00004601) c.li    a2, 0
core   0: 3 0x0000000080000074 (0x4601) x12 0x0000000000000000
core   0: 0x0000000080000076 (0x00004681) c.li    a3, 0
core   0: 3 0x0000000080000076 (0x4681) x13 0x0000000000000000
core   0: 0x0000000080000078 (0x00004701) c.li    a4, 0
core   0: 3 0x0000000080000078 (0x4701) x14 0x0000000000000000
core   0: 0x000000008000007a (0x00004781) c.li    a5, 0
core   0: 3 0x000000008000007a (0x4781) x15 0x0000000000000000
core   0: 0x000000008000007c (0x00004801) c.li    a6, 0
core   0: 3 0x000000008000007c (0x4801) x16 0x0000000000000000
core   0: 0x000000008000007e (0x00004881) c.li    a7, 0
core   0: 3 0x000000008000007e (0x4881) x17 0x0000000000000000
core   0: 0x0000000080000080 (0x00004901) c.li    s2, 0
core   0: 3 0x0000000080000080 (0x4901) x18 0x0000000000000000
core   0: 0x0000000080000082 (0x00004981) c.li    s3, 0
core   0: 3 0x0000000080000082 (0x4981) x19 0x0000000000000000
core   0: 0x0000000080000084 (0x00004a01) c.li    s4, 0
core   0: 3 0x0000000080000084 (0x4a01) x20 0x0000000000000000
core   0: 0x0000000080000086 (0x00004a81) c.li    s5, 0
core   0: 3 0x0000000080000086 (0x4a81) x21 0x0000000000000000
core   0: 0x0000000080000088 (0x00004b01) c.li    s6, 0
core   0: 3 0x0000000080000088 (0x4b01) x22 0x0000000000000000
core   0: 0x000000008000008a (0x00004b81) c.li    s7, 0
core   0: 3 0x000000008000008a (0x4b81) x23 0x0000000000000000
core   0: 0x000000008000008c (0x00004c01) c.li    s8, 0
core   0: 3 0x000000008000008c (0x4c01) x24 0x0000000000000000
core   0: 0x000000008000008e (0x00004c81) c.li    s9, 0
core   0: 3 0x000000008000008e (0x4c81) x25 0x0000000000000000
core   0: 0x0000000080000090 (0x00004d01) c.li    s10, 0
core   0: 3 0x0000000080000090 (0x4d01) x26 0x0000000000000000
core   0: 0x0000000080000092 (0x00004d81) c.li    s11, 0
core   0: 3 0x0000000080000092 (0x4d81) x27 0x0000000000000000
core   0: 0x0000000080000094 (0x00004e01) c.li    t3, 0
core   0: 3 0x0000000080000094 (0x4e01) x28 0x0000000000000000
core   0: 0x0000000080000096 (0x00004e81) c.li    t4, 0
core   0: 3 0x0000000080000096 (0x4e81) x29 0x0000000000000000
core   0: 0x0000000080000098 (0x00004f01) c.li    t5, 0
core   0: 3 0x0000000080000098 (0x4f01) x30 0x0000000000000000
core   0: 0x000000008000009a (0x00004f81) c.li    t6, 0
core   0: 3 0x000000008000009a (0x4f81) x31 0x0000000000000000
core   0: 0x000000008000009c (0xf1402573) csrr    a0, mhartid
core   0: 3 0x000000008000009c (0xf1402573) x10 0x0000000000000000
core   0: 0x00000000800000a0 (0x0000e101) c.bnez  a0, pc + 0
core   0: 3 0x00000000800000a0 (0xe101)
core   0: 0x00000000800000a2 (0x30405073) csrwi   mie, 0
core   0: 3 0x00000000800000a2 (0x30405073) c772_mie 0x0000000000000000
core   0: 0x00000000800000a6 (0x00000297) auipc   t0, 0x0
core   0: 3 0x00000000800000a6 (0x00000297) x 5 0x00000000800000a6
core   0: 0x00000000800000aa (0x01628293) addi    t0, t0, 22
core   0: 3 0x00000000800000aa (0x01628293) x 5 0x00000000800000bc
core   0: 0x00000000800000ae (0x30529073) csrw    mtvec, t0
core   0: 3 0x00000000800000ae (0x30529073) c773_mtvec 0x00000000800000bc
core   0: 0x00000000800000b2 (0x30205073) csrwi   medeleg, 0
core   0: 3 0x00000000800000b2 (0x30205073) c770_medeleg 0x0000000000000000
core   0: 0x00000000800000b6 (0x30305073) csrwi   mideleg, 0
core   0: 3 0x00000000800000b6 (0x30305073) c771_mideleg 0x0000000000000000
core   0: 0x00000000800000ba (0x00000001) c.nop
core   0: 3 0x00000000800000ba (0x0001)
core   0: 0x00000000800000bc (0x00004181) c.li    gp, 0
core   0: 3 0x00000000800000bc (0x4181) x 3 0x0000000000000000
core   0: 0x00000000800000be (0x00000297) auipc   t0, 0x0
core   0: 3 0x00000000800000be (0x00000297) x 5 0x00000000800000be
core   0: 0x00000000800000c2 (0xf4628293) addi    t0, t0, -186
core   0: 3 0x00000000800000c2 (0xf4628293) x 5 0x0000000080000004
core   0: 0x00000000800000c6 (0x30529073) csrw    mtvec, t0
core   0: 3 0x00000000800000c6 (0x30529073) c773_mtvec 0x0000000080000004
core   0: 0x00000000800000ca (0x00004505) c.li    a0, 1
core   0: 3 0x00000000800000ca (0x4505) x10 0x0000000000000001
core   0: 0x00000000800000cc (0x0000057e) c.slli  a0, 31
core   0: 3 0x00000000800000cc (0x057e) x10 0x0000000080000000
core   0: 0x00000000800000ce (0x00055a63) bgez    a0, pc + 20
core   0: 3 0x00000000800000ce (0x00055a63)
core   0: 0x00000000800000e2 (0x00000293) li      t0, 0
core   0: 3 0x00000000800000e2 (0x00000293) x 5 0x0000000000000000
core   0: 0x00000000800000e6 (0x00028963) beqz    t0, pc + 18
core   0: 3 0x00000000800000e6 (0x00028963)
core   0: 0x00000000800000f8 (0x30005073) csrwi   mstatus, 0
core   0: 3 0x00000000800000f8 (0x30005073) c768_mstatus 0x0000000a00000000
core   0: 0x00000000800000fc (0x00000297) auipc   t0, 0x0
core   0: 3 0x00000000800000fc (0x00000297) x 5 0x00000000800000fc
core   0: 0x0000000080000100 (0x01428293) addi    t0, t0, 20
core   0: 3 0x0000000080000100 (0x01428293) x 5 0x0000000080000110
core   0: 0x0000000080000104 (0x34129073) csrw    mepc, t0
core   0: 3 0x0000000080000104 (0x34129073) c833_mepc 0x0000000080000110
core   0: 0x0000000080000108 (0xf1402573) csrr    a0, mhartid
core   0: 3 0x0000000080000108 (0xf1402573) x10 0x0000000000000000
core   0: 0x000000008000010c (0x30200073) mret
core   0: 3 0x000000008000010c (0x30200073) c768_mstatus 0x0000000a00000080
core   0: 0x0000000080000110 (0x0000418d) c.li    gp, 3
core   0: 0 0x0000000080000110 (0x418d) x 3 0x0000000000000003
core   0: 0x0000000080000112 (0x00002a97) auipc   s5, 0x2
core   0: 0 0x0000000080000112 (0x00002a97) x21 0x0000000080002112
core   0: 0x0000000080000116 (0xeeea8a93) addi    s5, s5, -274
core   0: 0 0x0000000080000116 (0xeeea8a93) x21 0x0000000080002000
core   0: 0x000000008000011a (0x00002b17) auipc   s6, 0x2
core   0: 0 0x000000008000011a (0x00002b17) x22 0x000000008000211a
core   0: 0x000000008000011e (0xee6b0b13) addi    s6, s6, -282
core   0: 0 0x000000008000011e (0xee6b0b13) x22 0x0000000080002000
core   0: 0x0000000080000122 (0x00004081) c.li    ra, 0
core   0: 0 0x0000000080000122 (0x4081) x 1 0x0000000000000000
core   0: 0x0000000080000124 (0x00004505) c.li    a0, 1
core   0: 0 0x0000000080000124 (0x4505) x10 0x0000000000000001
core   0: 0x0000000080000126 (0x00004585) c.li    a1, 1
core   0: 0 0x0000000080000126 (0x4585) x11 0x0000000000000001
core   0: 0x0000000080000128 (0x00004605) c.li    a2, 1
core   0: 0 0x0000000080000128 (0x4605) x12 0x0000000000000001
core   0: 0x000000008000012a (0x00004685) c.li    a3, 1
core   0: 0 0x000000008000012a (0x4685) x13 0x0000000000000001
core   0: 0x000000008000012c (0x00004705) c.li    a4, 1
core   0: 0 0x000000008000012c (0x4705) x14 0x0000000000000001
core   0: 0x000000008000012e (0x00004785) c.li    a5, 1
core   0: 0 0x000000008000012e (0x4785) x15 0x0000000000000001
core   0: 0x0000000080000130 (0x00004805) c.li    a6, 1
core   0: 0 0x0000000080000130 (0x4805) x16 0x0000000000000001
core   0: 0x0000000080000132 (0x00004885) c.li    a7, 1
core   0: 0 0x0000000080000132 (0x4885) x17 0x0000000000000001
core   0: >>>>  loop1
core   0: 0x0000000080000134 (0x34a0d763) bge     ra, a0, pc + 846
core   0: 0 0x0000000080000134 (0x34a0d763)
core   0: 0x0000000080000138 (0x00004101) c.li    sp, 0
core   0: 0 0x0000000080000138 (0x4101) x 2 0x0000000000000000
core   0: >>>>  loop2
core   0: 0x000000008000013a (0x34b15263) bge     sp, a1, pc + 836
core   0: 0 0x000000008000013a (0x34b15263)
core   0: 0x000000008000013e (0x00004181) c.li    gp, 0
core   0: 0 0x000000008000013e (0x4181) x 3 0x0000000000000000
core   0: >>>>  loop3
core   0: 0x0000000080000140 (0x32c1dd63) bge     gp, a2, pc + 826
core   0: 0 0x0000000080000140 (0x32c1dd63)
core   0: 0x0000000080000144 (0x00004201) c.li    tp, 0
core   0: 0 0x0000000080000144 (0x4201) x 4 0x0000000000000000
core   0: >>>>  loop4
core   0: 0x0000000080000146 (0x32d25863) bge     tp, a3, pc + 816
core   0: 0 0x0000000080000146 (0x32d25863)
core   0: 0x000000008000014a (0x00004281) c.li    t0, 0
core   0: 0 0x000000008000014a (0x4281) x 5 0x0000000000000000
core   0: >>>>  loop5
core   0: 0x000000008000014c (0x32e2d363) bge     t0, a4, pc + 806
core   0: 0 0x000000008000014c (0x32e2d363)
core   0: 0x0000000080000150 (0x00004301) c.li    t1, 0
core   0: 0 0x0000000080000150 (0x4301) x 6 0x0000000000000000
core   0: >>>>  loop6
core   0: 0x0000000080000152 (0x30f35e63) bge     t1, a5, pc + 796
core   0: 0 0x0000000080000152 (0x30f35e63)
core   0: 0x0000000080000156 (0x00004381) c.li    t2, 0
core   0: 0 0x0000000080000156 (0x4381) x 7 0x0000000000000000
core   0: >>>>  loop7
core   0: 0x0000000080000158 (0x3103d963) bge     t2, a6, pc + 786
core   0: 0 0x0000000080000158 (0x3103d963)
core   0: 0x000000008000015c (0x00004401) c.li    s0, 0
core   0: 0 0x000000008000015c (0x4401) x 8 0x0000000000000000
core   0: >>>>  loop8
core   0: 0x000000008000015e (0x31145463) bge     s0, a7, pc + 776
core   0: 0 0x000000008000015e (0x31145463)
core   0: 0x0000000080000162 (0x016a8bb3) add     s7, s5, s6
core   0: 0 0x0000000080000162 (0x016a8bb3) x23 0x0000000100004000
core   0: 0x0000000080000166 (0x036a8c33) mul     s8, s5, s6
core   0: 0 0x0000000080000166 (0x036a8c33) x24 0x4000200004000000
core   0: 0x000000008000016a (0x016afcb3) and     s9, s5, s6
core   0: 0 0x000000008000016a (0x016afcb3) x25 0x0000000080002000
core   0: 0x000000008000016e (0x016a8bb3) add     s7, s5, s6
core   0: 0 0x000000008000016e (0x016a8bb3) x23 0x0000000100004000
core   0: 0x0000000080000172 (0x036a8c33) mul     s8, s5, s6
core   0: 0 0x0000000080000172 (0x036a8c33) x24 0x4000200004000000
core   0: 0x0000000080000176 (0x016afcb3) and     s9, s5, s6
core   0: 0 0x0000000080000176 (0x016afcb3) x25 0x0000000080002000
core   0: 0x000000008000017a (0x016a8bb3) add     s7, s5, s6
core   0: 0 0x000000008000017a (0x016a8bb3) x23 0x0000000100004000
core   0: 0x000000008000017e (0x036a8c33) mul     s8, s5, s6
core   0: 0 0x000000008000017e (0x036a8c33) x24 0x4000200004000000
core   0: 0x0000000080000182 (0x016afcb3) and     s9, s5, s6
core   0: 0 0x0000000080000182 (0x016afcb3) x25 0x0000000080002000
core   0: 0x0000000080000186 (0x016a8bb3) add     s7, s5, s6
core   0: 0 0x0000000080000186 (0x016a8bb3) x23 0x0000000100004000
core   0: 0x000000008000018a (0x036a8c33) mul     s8, s5, s6
core   0: 0 0x000000008000018a (0x036a8c33) x24 0x4000200004000000
core   0: 0x000000008000018e (0x016afcb3) and     s9, s5, s6
core   0: 0 0x000000008000018e (0x016afcb3) x25 0x0000000080002000
core   0: 0x0000000080000192 (0x016a8bb3) add     s7, s5, s6
core   0: 0 0x0000000080000192 (0x016a8bb3) x23 0x0000000100004000
core   0: 0x0000000080000196 (0x036a8c33) mul     s8, s5, s6
core   0: 0 0x0000000080000196 (0x036a8c33) x24 0x4000200004000000
core   0: 0x000000008000019a (0x016afcb3) and     s9, s5, s6
core   0: 0 0x000000008000019a (0x016afcb3) x25 0x0000000080002000
core   0: 0x000000008000019e (0x016a8bb3) add     s7, s5, s6
core   0: 0 0x000000008000019e (0x016a8bb3) x23 0x0000000100004000
core   0: 0x00000000800001a2 (0x036a8c33) mul     s8, s5, s6
core   0: 0 0x00000000800001a2 (0x036a8c33) x24 0x4000200004000000
core   0: 0x00000000800001a6 (0x016afcb3) and     s9, s5, s6
core   0: 0 0x00000000800001a6 (0x016afcb3) x25 0x0000000080002000
core   0: 0x00000000800001aa (0x016a8bb3) add     s7, s5, s6
core   0: 0 0x00000000800001aa (0x016a8bb3) x23 0x0000000100004000
core   0: 0x00000000800001ae (0x036a8c33) mul     s8, s5, s6
core   0: 0 0x00000000800001ae (0x036a8c33) x24 0x4000200004000000
core   0: 0x00000000800001b2 (0x016afcb3) and     s9, s5, s6
core   0: 0 0x00000000800001b2 (0x016afcb3) x25 0x0000000080002000
core   0: 0x00000000800001b6 (0x016a8bb3) add     s7, s5, s6
core   0: 0 0x00000000800001b6 (0x016a8bb3) x23 0x0000000100004000
core   0: 0x00000000800001ba (0x036a8c33) mul     s8, s5, s6
core   0: 0 0x00000000800001ba (0x036a8c33) x24 0x4000200004000000
core   0: 0x00000000800001be (0x016afcb3) and     s9, s5, s6
core   0: 0 0x00000000800001be (0x016afcb3) x25 0x0000000080002000
core   0: 0x00000000800001c2 (0x016a8bb3) add     s7, s5, s6
core   0: 0 0x00000000800001c2 (0x016a8bb3) x23 0x0000000100004000
core   0: 0x00000000800001c6 (0x036a8c33) mul     s8, s5, s6
core   0: 0 0x00000000800001c6 (0x036a8c33) x24 0x4000200004000000
core   0: 0x00000000800001ca (0x016afcb3) and     s9, s5, s6
core   0: 0 0x00000000800001ca (0x016afcb3) x25 0x0000000080002000
core   0: 0x00000000800001ce (0x016a8bb3) add     s7, s5, s6
core   0: 0 0x00000000800001ce (0x016a8bb3) x23 0x0000000100004000
core   0: 0x00000000800001d2 (0x036a8c33) mul     s8, s5, s6
core   0: 0 0x00000000800001d2 (0x036a8c33) x24 0x4000200004000000
core   0: 0x00000000800001d6 (0x016afcb3) and     s9, s5, s6
core   0: 0 0x00000000800001d6 (0x016afcb3) x25 0x0000000080002000
core   0: 0x00000000800001da (0x016a8bb3) add     s7, s5, s6
core   0: 0 0x00000000800001da (0x016a8bb3) x23 0x0000000100004000
core   0: 0x00000000800001de (0x036a8c33) mul     s8, s5, s6
core   0: 0 0x00000000800001de (0x036a8c33) x24 0x4000200004000000
core   0: 0x00000000800001e2 (0x016afcb3) and     s9, s5, s6
core   0: 0 0x00000000800001e2 (0x016afcb3) x25 0x0000000080002000
core   0: 0x00000000800001e6 (0x016a8bb3) add     s7, s5, s6
core   0: 0 0x00000000800001e6 (0x016a8bb3) x23 0x0000000100004000
core   0: 0x00000000800001ea (0x036a8c33) mul     s8, s5, s6
core   0: 0 0x00000000800001ea (0x036a8c33) x24 0x4000200004000000
core   0: 0x00000000800001ee (0x016afcb3) and     s9, s5, s6
core   0: 0 0x00000000800001ee (0x016afcb3) x25 0x0000000080002000
core   0: 0x00000000800001f2 (0x016a8bb3) add     s7, s5, s6
core   0: 0 0x00000000800001f2 (0x016a8bb3) x23 0x0000000100004000
core   0: 0x00000000800001f6 (0x036a8c33) mul     s8, s5, s6
core   0: 0 0x00000000800001f6 (0x036a8c33) x24 0x4000200004000000
core   0: 0x00000000800001fa (0x016afcb3) and     s9, s5, s6
core   0: 0 0x00000000800001fa (0x016afcb3) x25 0x0000000080002000
core   0: 0x00000000800001fe (0x016a8bb3) add     s7, s5, s6
core   0: 0 0x00000000800001fe (0x016a8bb3) x23 0x0000000100004000
core   0: 0x0000000080000202 (0x036a8c33) mul     s8, s5, s6
core   0: 0 0x0000000080000202 (0x036a8c33) x24 0x4000200004000000
core   0: 0x0000000080000206 (0x016afcb3) and     s9, s5, s6
core   0: 0 0x0000000080000206 (0x016afcb3) x25 0x0000000080002000
core   0: 0x000000008000020a (0x016a8bb3) add     s7, s5, s6
core   0: 0 0x000000008000020a (0x016a8bb3) x23 0x0000000100004000
core   0: 0x000000008000020e (0x036a8c33) mul     s8, s5, s6
core   0: 0 0x000000008000020e (0x036a8c33) x24 0x4000200004000000
core   0: 0x0000000080000212 (0x016afcb3) and     s9, s5, s6
core   0: 0 0x0000000080000212 (0x016afcb3) x25 0x0000000080002000
core   0: 0x0000000080000216 (0x016a8bb3) add     s7, s5, s6
core   0: 0 0x0000000080000216 (0x016a8bb3) x23 0x0000000100004000
core   0: 0x000000008000021a (0x036a8c33) mul     s8, s5, s6
core   0: 0 0x000000008000021a (0x036a8c33) x24 0x4000200004000000
core   0: 0x000000008000021e (0x016afcb3) and     s9, s5, s6
core   0: 0 0x000000008000021e (0x016afcb3) x25 0x0000000080002000
core   0: 0x0000000080000222 (0x016a8bb3) add     s7, s5, s6
core   0: 0 0x0000000080000222 (0x016a8bb3) x23 0x0000000100004000
core   0: 0x0000000080000226 (0x036a8c33) mul     s8, s5, s6
core   0: 0 0x0000000080000226 (0x036a8c33) x24 0x4000200004000000
core   0: 0x000000008000022a (0x016afcb3) and     s9, s5, s6
core   0: 0 0x000000008000022a (0x016afcb3) x25 0x0000000080002000
core   0: 0x000000008000022e (0x016a8bb3) add     s7, s5, s6
core   0: 0 0x000000008000022e (0x016a8bb3) x23 0x0000000100004000
core   0: 0x0000000080000232 (0x036a8c33) mul     s8, s5, s6
core   0: 0 0x0000000080000232 (0x036a8c33) x24 0x4000200004000000
core   0: 0x0000000080000236 (0x016afcb3) and     s9, s5, s6
core   0: 0 0x0000000080000236 (0x016afcb3) x25 0x0000000080002000
core   0: 0x000000008000023a (0x016a8bb3) add     s7, s5, s6
core   0: 0 0x000000008000023a (0x016a8bb3) x23 0x0000000100004000
core   0: 0x000000008000023e (0x036a8c33) mul     s8, s5, s6
core   0: 0 0x000000008000023e (0x036a8c33) x24 0x4000200004000000
core   0: 0x0000000080000242 (0x016afcb3) and     s9, s5, s6
core   0: 0 0x0000000080000242 (0x016afcb3) x25 0x0000000080002000
core   0: 0x0000000080000246 (0x016a8bb3) add     s7, s5, s6
core   0: 0 0x0000000080000246 (0x016a8bb3) x23 0x0000000100004000
core   0: 0x000000008000024a (0x036a8c33) mul     s8, s5, s6
core   0: 0 0x000000008000024a (0x036a8c33) x24 0x4000200004000000
core   0: 0x000000008000024e (0x016afcb3) and     s9, s5, s6
core   0: 0 0x000000008000024e (0x016afcb3) x25 0x0000000080002000
core   0: 0x0000000080000252 (0x016a8bb3) add     s7, s5, s6
core   0: 0 0x0000000080000252 (0x016a8bb3) x23 0x0000000100004000
core   0: 0x0000000080000256 (0x036a8c33) mul     s8, s5, s6
core   0: 0 0x0000000080000256 (0x036a8c33) x24 0x4000200004000000
core   0: 0x000000008000025a (0x016afcb3) and     s9, s5, s6
core   0: 0 0x000000008000025a (0x016afcb3) x25 0x0000000080002000
core   0: 0x000000008000025e (0x016a8bb3) add     s7, s5, s6
core   0: 0 0x000000008000025e (0x016a8bb3) x23 0x0000000100004000
core   0: 0x0000000080000262 (0x036a8c33) mul     s8, s5, s6
core   0: 0 0x0000000080000262 (0x036a8c33) x24 0x4000200004000000
core   0: 0x0000000080000266 (0x016afcb3) and     s9, s5, s6
core   0: 0 0x0000000080000266 (0x016afcb3) x25 0x0000000080002000
core   0: 0x000000008000026a (0x016a8bb3) add     s7, s5, s6
core   0: 0 0x000000008000026a (0x016a8bb3) x23 0x0000000100004000
core   0: 0x000000008000026e (0x036a8c33) mul     s8, s5, s6
core   0: 0 0x000000008000026e (0x036a8c33) x24 0x4000200004000000
core   0: 0x0000000080000272 (0x016afcb3) and     s9, s5, s6
core   0: 0 0x0000000080000272 (0x016afcb3) x25 0x0000000080002000
core   0: 0x0000000080000276 (0x016a8bb3) add     s7, s5, s6
core   0: 0 0x0000000080000276 (0x016a8bb3) x23 0x0000000100004000
core   0: 0x000000008000027a (0x036a8c33) mul     s8, s5, s6
core   0: 0 0x000000008000027a (0x036a8c33) x24 0x4000200004000000
core   0: 0x000000008000027e (0x016afcb3) and     s9, s5, s6
core   0: 0 0x000000008000027e (0x016afcb3) x25 0x0000000080002000
core   0: 0x0000000080000282 (0x016a8bb3) add     s7, s5, s6
core   0: 0 0x0000000080000282 (0x016a8bb3) x23 0x0000000100004000
core   0: 0x0000000080000286 (0x036a8c33) mul     s8, s5, s6
core   0: 0 0x0000000080000286 (0x036a8c33) x24 0x4000200004000000
core   0: 0x000000008000028a (0x016afcb3) and     s9, s5, s6
core   0: 0 0x000000008000028a (0x016afcb3) x25 0x0000000080002000
core   0: 0x000000008000028e (0x016a8bb3) add     s7, s5, s6
core   0: 0 0x000000008000028e (0x016a8bb3) x23 0x0000000100004000
core   0: 0x0000000080000292 (0x036a8c33) mul     s8, s5, s6
core   0: 0 0x0000000080000292 (0x036a8c33) x24 0x4000200004000000
core   0: 0x0000000080000296 (0x016afcb3) and     s9, s5, s6
core   0: 0 0x0000000080000296 (0x016afcb3) x25 0x0000000080002000
core   0: 0x000000008000029a (0x016a8bb3) add     s7, s5, s6
core   0: 0 0x000000008000029a (0x016a8bb3) x23 0x0000000100004000
core   0: 0x000000008000029e (0x036a8c33) mul     s8, s5, s6
core   0: 0 0x000000008000029e (0x036a8c33) x24 0x4000200004000000
core   0: 0x00000000800002a2 (0x016afcb3) and     s9, s5, s6
core   0: 0 0x00000000800002a2 (0x016afcb3) x25 0x0000000080002000
core   0: 0x00000000800002a6 (0x016a8bb3) add     s7, s5, s6
core   0: 0 0x00000000800002a6 (0x016a8bb3) x23 0x0000000100004000
core   0: 0x00000000800002aa (0x036a8c33) mul     s8, s5, s6
core   0: 0 0x00000000800002aa (0x036a8c33) x24 0x4000200004000000
core   0: 0x00000000800002ae (0x016afcb3) and     s9, s5, s6
core   0: 0 0x00000000800002ae (0x016afcb3) x25 0x0000000080002000
core   0: 0x00000000800002b2 (0x016a8bb3) add     s7, s5, s6
core   0: 0 0x00000000800002b2 (0x016a8bb3) x23 0x0000000100004000
core   0: 0x00000000800002b6 (0x036a8c33) mul     s8, s5, s6
core   0: 0 0x00000000800002b6 (0x036a8c33) x24 0x4000200004000000
core   0: 0x00000000800002ba (0x016afcb3) and     s9, s5, s6
core   0: 0 0x00000000800002ba (0x016afcb3) x25 0x0000000080002000
core   0: 0x00000000800002be (0x016a8bb3) add     s7, s5, s6
core   0: 0 0x00000000800002be (0x016a8bb3) x23 0x0000000100004000
core   0: 0x00000000800002c2 (0x036a8c33) mul     s8, s5, s6
core   0: 0 0x00000000800002c2 (0x036a8c33) x24 0x4000200004000000
core   0: 0x00000000800002c6 (0x016afcb3) and     s9, s5, s6
core   0: 0 0x00000000800002c6 (0x016afcb3) x25 0x0000000080002000
core   0: 0x00000000800002ca (0x016a8bb3) add     s7, s5, s6
core   0: 0 0x00000000800002ca (0x016a8bb3) x23 0x0000000100004000
core   0: 0x00000000800002ce (0x036a8c33) mul     s8, s5, s6
core   0: 0 0x00000000800002ce (0x036a8c33) x24 0x4000200004000000
core   0: 0x00000000800002d2 (0x016afcb3) and     s9, s5, s6
core   0: 0 0x00000000800002d2 (0x016afcb3) x25 0x0000000080002000
core   0: 0x00000000800002d6 (0x016a8bb3) add     s7, s5, s6
core   0: 0 0x00000000800002d6 (0x016a8bb3) x23 0x0000000100004000
core   0: 0x00000000800002da (0x036a8c33) mul     s8, s5, s6
core   0: 0 0x00000000800002da (0x036a8c33) x24 0x4000200004000000
core   0: 0x00000000800002de (0x016afcb3) and     s9, s5, s6
core   0: 0 0x00000000800002de (0x016afcb3) x25 0x0000000080002000
core   0: 0x00000000800002e2 (0x016a8bb3) add     s7, s5, s6
core   0: 0 0x00000000800002e2 (0x016a8bb3) x23 0x0000000100004000
core   0: 0x00000000800002e6 (0x036a8c33) mul     s8, s5, s6
core   0: 0 0x00000000800002e6 (0x036a8c33) x24 0x4000200004000000
core   0: 0x00000000800002ea (0x016afcb3) and     s9, s5, s6
core   0: 0 0x00000000800002ea (0x016afcb3) x25 0x0000000080002000
core   0: 0x00000000800002ee (0x016a8bb3) add     s7, s5, s6
core   0: 0 0x00000000800002ee (0x016a8bb3) x23 0x0000000100004000
core   0: 0x00000000800002f2 (0x036a8c33) mul     s8, s5, s6
core   0: 0 0x00000000800002f2 (0x036a8c33) x24 0x4000200004000000
core   0: 0x00000000800002f6 (0x016afcb3) and     s9, s5, s6
core   0: 0 0x00000000800002f6 (0x016afcb3) x25 0x0000000080002000
core   0: 0x00000000800002fa (0x016a8bb3) add     s7, s5, s6
core   0: 0 0x00000000800002fa (0x016a8bb3) x23 0x0000000100004000
core   0: 0x00000000800002fe (0x036a8c33) mul     s8, s5, s6
core   0: 0 0x00000000800002fe (0x036a8c33) x24 0x4000200004000000
core   0: 0x0000000080000302 (0x016afcb3) and     s9, s5, s6
core   0: 0 0x0000000080000302 (0x016afcb3) x25 0x0000000080002000
core   0: 0x0000000080000306 (0x016a8bb3) add     s7, s5, s6
core   0: 0 0x0000000080000306 (0x016a8bb3) x23 0x0000000100004000
core   0: 0x000000008000030a (0x036a8c33) mul     s8, s5, s6
core   0: 0 0x000000008000030a (0x036a8c33) x24 0x4000200004000000
core   0: 0x000000008000030e (0x016afcb3) and     s9, s5, s6
core   0: 0 0x000000008000030e (0x016afcb3) x25 0x0000000080002000
core   0: 0x0000000080000312 (0x016a8bb3) add     s7, s5, s6
core   0: 0 0x0000000080000312 (0x016a8bb3) x23 0x0000000100004000
core   0: 0x0000000080000316 (0x036a8c33) mul     s8, s5, s6
core   0: 0 0x0000000080000316 (0x036a8c33) x24 0x4000200004000000
core   0: 0x000000008000031a (0x016afcb3) and     s9, s5, s6
core   0: 0 0x000000008000031a (0x016afcb3) x25 0x0000000080002000
core   0: 0x000000008000031e (0x016a8bb3) add     s7, s5, s6
core   0: 0 0x000000008000031e (0x016a8bb3) x23 0x0000000100004000
core   0: 0x0000000080000322 (0x036a8c33) mul     s8, s5, s6
core   0: 0 0x0000000080000322 (0x036a8c33) x24 0x4000200004000000
core   0: 0x0000000080000326 (0x016afcb3) and     s9, s5, s6
core   0: 0 0x0000000080000326 (0x016afcb3) x25 0x0000000080002000
core   0: 0x000000008000032a (0x016a8bb3) add     s7, s5, s6
core   0: 0 0x000000008000032a (0x016a8bb3) x23 0x0000000100004000
core   0: 0x000000008000032e (0x036a8c33) mul     s8, s5, s6
core   0: 0 0x000000008000032e (0x036a8c33) x24 0x4000200004000000
core   0: 0x0000000080000332 (0x016afcb3) and     s9, s5, s6
core   0: 0 0x0000000080000332 (0x016afcb3) x25 0x0000000080002000
core   0: 0x0000000080000336 (0x016a8bb3) add     s7, s5, s6
core   0: 0 0x0000000080000336 (0x016a8bb3) x23 0x0000000100004000
core   0: 0x000000008000033a (0x036a8c33) mul     s8, s5, s6
core   0: 0 0x000000008000033a (0x036a8c33) x24 0x4000200004000000
core   0: 0x000000008000033e (0x016afcb3) and     s9, s5, s6
core   0: 0 0x000000008000033e (0x016afcb3) x25 0x0000000080002000
core   0: 0x0000000080000342 (0x016a8bb3) add     s7, s5, s6
core   0: 0 0x0000000080000342 (0x016a8bb3) x23 0x0000000100004000
core   0: 0x0000000080000346 (0x036a8c33) mul     s8, s5, s6
core   0: 0 0x0000000080000346 (0x036a8c33) x24 0x4000200004000000
core   0: 0x000000008000034a (0x016afcb3) and     s9, s5, s6
core   0: 0 0x000000008000034a (0x016afcb3) x25 0x0000000080002000
core   0: 0x000000008000034e (0x016a8bb3) add     s7, s5, s6
core   0: 0 0x000000008000034e (0x016a8bb3) x23 0x0000000100004000
core   0: 0x0000000080000352 (0x036a8c33) mul     s8, s5, s6
core   0: 0 0x0000000080000352 (0x036a8c33) x24 0x4000200004000000
core   0: 0x0000000080000356 (0x016afcb3) and     s9, s5, s6
core   0: 0 0x0000000080000356 (0x016afcb3) x25 0x0000000080002000
core   0: 0x000000008000035a (0x016a8bb3) add     s7, s5, s6
core   0: 0 0x000000008000035a (0x016a8bb3) x23 0x0000000100004000
core   0: 0x000000008000035e (0x036a8c33) mul     s8, s5, s6
core   0: 0 0x000000008000035e (0x036a8c33) x24 0x4000200004000000
core   0: 0x0000000080000362 (0x016afcb3) and     s9, s5, s6
core   0: 0 0x0000000080000362 (0x016afcb3) x25 0x0000000080002000
core   0: 0x0000000080000366 (0x016a8bb3) add     s7, s5, s6
core   0: 0 0x0000000080000366 (0x016a8bb3) x23 0x0000000100004000
core   0: 0x000000008000036a (0x036a8c33) mul     s8, s5, s6
core   0: 0 0x000000008000036a (0x036a8c33) x24 0x4000200004000000
core   0: 0x000000008000036e (0x016afcb3) and     s9, s5, s6
core   0: 0 0x000000008000036e (0x016afcb3) x25 0x0000000080002000
core   0: 0x0000000080000372 (0x016a8bb3) add     s7, s5, s6
core   0: 0 0x0000000080000372 (0x016a8bb3) x23 0x0000000100004000
core   0: 0x0000000080000376 (0x036a8c33) mul     s8, s5, s6
core   0: 0 0x0000000080000376 (0x036a8c33) x24 0x4000200004000000
core   0: 0x000000008000037a (0x016afcb3) and     s9, s5, s6
core   0: 0 0x000000008000037a (0x016afcb3) x25 0x0000000080002000
core   0: 0x000000008000037e (0x016a8bb3) add     s7, s5, s6
core   0: 0 0x000000008000037e (0x016a8bb3) x23 0x0000000100004000
core   0: 0x0000000080000382 (0x036a8c33) mul     s8, s5, s6
core   0: 0 0x0000000080000382 (0x036a8c33) x24 0x4000200004000000
core   0: 0x0000000080000386 (0x016afcb3) and     s9, s5, s6
core   0: 0 0x0000000080000386 (0x016afcb3) x25 0x0000000080002000
core   0: 0x000000008000038a (0x016a8bb3) add     s7, s5, s6
core   0: 0 0x000000008000038a (0x016a8bb3) x23 0x0000000100004000
core   0: 0x000000008000038e (0x036a8c33) mul     s8, s5, s6
core   0: 0 0x000000008000038e (0x036a8c33) x24 0x4000200004000000
core   0: 0x0000000080000392 (0x016afcb3) and     s9, s5, s6
core   0: 0 0x0000000080000392 (0x016afcb3) x25 0x0000000080002000
core   0: 0x0000000080000396 (0x016a8bb3) add     s7, s5, s6
core   0: 0 0x0000000080000396 (0x016a8bb3) x23 0x0000000100004000
core   0: 0x000000008000039a (0x036a8c33) mul     s8, s5, s6
core   0: 0 0x000000008000039a (0x036a8c33) x24 0x4000200004000000
core   0: 0x000000008000039e (0x016afcb3) and     s9, s5, s6
core   0: 0 0x000000008000039e (0x016afcb3) x25 0x0000000080002000
core   0: 0x00000000800003a2 (0x016a8bb3) add     s7, s5, s6
core   0: 0 0x00000000800003a2 (0x016a8bb3) x23 0x0000000100004000
core   0: 0x00000000800003a6 (0x036a8c33) mul     s8, s5, s6
core   0: 0 0x00000000800003a6 (0x036a8c33) x24 0x4000200004000000
core   0: 0x00000000800003aa (0x016afcb3) and     s9, s5, s6
core   0: 0 0x00000000800003aa (0x016afcb3) x25 0x0000000080002000
core   0: 0x00000000800003ae (0x016a8bb3) add     s7, s5, s6
core   0: 0 0x00000000800003ae (0x016a8bb3) x23 0x0000000100004000
core   0: 0x00000000800003b2 (0x036a8c33) mul     s8, s5, s6
core   0: 0 0x00000000800003b2 (0x036a8c33) x24 0x4000200004000000
core   0: 0x00000000800003b6 (0x016afcb3) and     s9, s5, s6
core   0: 0 0x00000000800003b6 (0x016afcb3) x25 0x0000000080002000
core   0: 0x00000000800003ba (0x016a8bb3) add     s7, s5, s6
core   0: 0 0x00000000800003ba (0x016a8bb3) x23 0x0000000100004000
core   0: 0x00000000800003be (0x036a8c33) mul     s8, s5, s6
core   0: 0 0x00000000800003be (0x036a8c33) x24 0x4000200004000000
core   0: 0x00000000800003c2 (0x016afcb3) and     s9, s5, s6
core   0: 0 0x00000000800003c2 (0x016afcb3) x25 0x0000000080002000
core   0: 0x00000000800003c6 (0x016a8bb3) add     s7, s5, s6
core   0: 0 0x00000000800003c6 (0x016a8bb3) x23 0x0000000100004000
core   0: 0x00000000800003ca (0x036a8c33) mul     s8, s5, s6
core   0: 0 0x00000000800003ca (0x036a8c33) x24 0x4000200004000000
core   0: 0x00000000800003ce (0x016afcb3) and     s9, s5, s6
core   0: 0 0x00000000800003ce (0x016afcb3) x25 0x0000000080002000
core   0: 0x00000000800003d2 (0x016a8bb3) add     s7, s5, s6
core   0: 0 0x00000000800003d2 (0x016a8bb3) x23 0x0000000100004000
core   0: 0x00000000800003d6 (0x036a8c33) mul     s8, s5, s6
core   0: 0 0x00000000800003d6 (0x036a8c33) x24 0x4000200004000000
core   0: 0x00000000800003da (0x016afcb3) and     s9, s5, s6
core   0: 0 0x00000000800003da (0x016afcb3) x25 0x0000000080002000
core   0: 0x00000000800003de (0x016a8bb3) add     s7, s5, s6
core   0: 0 0x00000000800003de (0x016a8bb3) x23 0x0000000100004000
core   0: 0x00000000800003e2 (0x036a8c33) mul     s8, s5, s6
core   0: 0 0x00000000800003e2 (0x036a8c33) x24 0x4000200004000000
core   0: 0x00000000800003e6 (0x016afcb3) and     s9, s5, s6
core   0: 0 0x00000000800003e6 (0x016afcb3) x25 0x0000000080002000
core   0: 0x00000000800003ea (0x016a8bb3) add     s7, s5, s6
core   0: 0 0x00000000800003ea (0x016a8bb3) x23 0x0000000100004000
core   0: 0x00000000800003ee (0x036a8c33) mul     s8, s5, s6
core   0: 0 0x00000000800003ee (0x036a8c33) x24 0x4000200004000000
core   0: 0x00000000800003f2 (0x016afcb3) and     s9, s5, s6
core   0: 0 0x00000000800003f2 (0x016afcb3) x25 0x0000000080002000
core   0: 0x00000000800003f6 (0x016a8bb3) add     s7, s5, s6
core   0: 0 0x00000000800003f6 (0x016a8bb3) x23 0x0000000100004000
core   0: 0x00000000800003fa (0x036a8c33) mul     s8, s5, s6
core   0: 0 0x00000000800003fa (0x036a8c33) x24 0x4000200004000000
core   0: 0x00000000800003fe (0x016afcb3) and     s9, s5, s6
core   0: 0 0x00000000800003fe (0x016afcb3) x25 0x0000000080002000
core   0: 0x0000000080000402 (0x016a8bb3) add     s7, s5, s6
core   0: 0 0x0000000080000402 (0x016a8bb3) x23 0x0000000100004000
core   0: 0x0000000080000406 (0x036a8c33) mul     s8, s5, s6
core   0: 0 0x0000000080000406 (0x036a8c33) x24 0x4000200004000000
core   0: 0x000000008000040a (0x016afcb3) and     s9, s5, s6
core   0: 0 0x000000008000040a (0x016afcb3) x25 0x0000000080002000
core   0: 0x000000008000040e (0x016a8bb3) add     s7, s5, s6
core   0: 0 0x000000008000040e (0x016a8bb3) x23 0x0000000100004000
core   0: 0x0000000080000412 (0x036a8c33) mul     s8, s5, s6
core   0: 0 0x0000000080000412 (0x036a8c33) x24 0x4000200004000000
core   0: 0x0000000080000416 (0x016afcb3) and     s9, s5, s6
core   0: 0 0x0000000080000416 (0x016afcb3) x25 0x0000000080002000
core   0: 0x000000008000041a (0x016a8bb3) add     s7, s5, s6
core   0: 0 0x000000008000041a (0x016a8bb3) x23 0x0000000100004000
core   0: 0x000000008000041e (0x036a8c33) mul     s8, s5, s6
core   0: 0 0x000000008000041e (0x036a8c33) x24 0x4000200004000000
core   0: 0x0000000080000422 (0x016afcb3) and     s9, s5, s6
core   0: 0 0x0000000080000422 (0x016afcb3) x25 0x0000000080002000
core   0: 0x0000000080000426 (0x016a8bb3) add     s7, s5, s6
core   0: 0 0x0000000080000426 (0x016a8bb3) x23 0x0000000100004000
core   0: 0x000000008000042a (0x036a8c33) mul     s8, s5, s6
core   0: 0 0x000000008000042a (0x036a8c33) x24 0x4000200004000000
core   0: 0x000000008000042e (0x016afcb3) and     s9, s5, s6
core   0: 0 0x000000008000042e (0x016afcb3) x25 0x0000000080002000
core   0: 0x0000000080000432 (0x016a8bb3) add     s7, s5, s6
core   0: 0 0x0000000080000432 (0x016a8bb3) x23 0x0000000100004000
core   0: 0x0000000080000436 (0x036a8c33) mul     s8, s5, s6
core   0: 0 0x0000000080000436 (0x036a8c33) x24 0x4000200004000000
core   0: 0x000000008000043a (0x016afcb3) and     s9, s5, s6
core   0: 0 0x000000008000043a (0x016afcb3) x25 0x0000000080002000
core   0: 0x000000008000043e (0x016a8bb3) add     s7, s5, s6
core   0: 0 0x000000008000043e (0x016a8bb3) x23 0x0000000100004000
core   0: 0x0000000080000442 (0x036a8c33) mul     s8, s5, s6
core   0: 0 0x0000000080000442 (0x036a8c33) x24 0x4000200004000000
core   0: 0x0000000080000446 (0x016afcb3) and     s9, s5, s6
core   0: 0 0x0000000080000446 (0x016afcb3) x25 0x0000000080002000
core   0: 0x000000008000044a (0x016a8bb3) add     s7, s5, s6
core   0: 0 0x000000008000044a (0x016a8bb3) x23 0x0000000100004000
core   0: 0x000000008000044e (0x036a8c33) mul     s8, s5, s6
core   0: 0 0x000000008000044e (0x036a8c33) x24 0x4000200004000000
core   0: 0x0000000080000452 (0x016afcb3) and     s9, s5, s6
core   0: 0 0x0000000080000452 (0x016afcb3) x25 0x0000000080002000
core   0: 0x0000000080000456 (0x016a8bb3) add     s7, s5, s6
core   0: 0 0x0000000080000456 (0x016a8bb3) x23 0x0000000100004000
core   0: 0x000000008000045a (0x036a8c33) mul     s8, s5, s6
core   0: 0 0x000000008000045a (0x036a8c33) x24 0x4000200004000000
core   0: 0x000000008000045e (0x016afcb3) and     s9, s5, s6
core   0: 0 0x000000008000045e (0x016afcb3) x25 0x0000000080002000
core   0: 0x0000000080000462 (0x00000405) c.addi  s0, 1
core   0: 0 0x0000000080000462 (0x0405) x 8 0x0000000000000001
core   0: 0x0000000080000464 (0x0000b9ed) c.j     pc - 774
core   0: 0 0x0000000080000464 (0xb9ed)
core   0: >>>>  loop8
core   0: 0x000000008000015e (0x31145463) bge     s0, a7, pc + 776
core   0: 0 0x000000008000015e (0x31145463)
core   0: >>>>  end8
core   0: 0x0000000080000466 (0x00000385) c.addi  t2, 1
core   0: 0 0x0000000080000466 (0x0385) x 7 0x0000000000000001
core   0: 0x0000000080000468 (0x0000b9c5) c.j     pc - 784
core   0: 0 0x0000000080000468 (0xb9c5)
core   0: >>>>  loop7
core   0: 0x0000000080000158 (0x3103d963) bge     t2, a6, pc + 786
core   0: 0 0x0000000080000158 (0x3103d963)
core   0: >>>>  end7
core   0: 0x000000008000046a (0x00000305) c.addi  t1, 1
core   0: 0 0x000000008000046a (0x0305) x 6 0x0000000000000001
core   0: 0x000000008000046c (0x0000b1dd) c.j     pc - 794
core   0: 0 0x000000008000046c (0xb1dd)
core   0: >>>>  loop6
core   0: 0x0000000080000152 (0x30f35e63) bge     t1, a5, pc + 796
core   0: 0 0x0000000080000152 (0x30f35e63)
core   0: >>>>  end6
core   0: 0x000000008000046e (0x00000285) c.addi  t0, 1
core   0: 0 0x000000008000046e (0x0285) x 5 0x0000000000000001
core   0: 0x0000000080000470 (0x0000b9f1) c.j     pc - 804
core   0: 0 0x0000000080000470 (0xb9f1)
core   0: >>>>  loop5
core   0: 0x000000008000014c (0x32e2d363) bge     t0, a4, pc + 806
core   0: 0 0x000000008000014c (0x32e2d363)
core   0: >>>>  end5
core   0: 0x0000000080000472 (0x00000205) c.addi  tp, 1
core   0: 0 0x0000000080000472 (0x0205) x 4 0x0000000000000001
core   0: 0x0000000080000474 (0x0000b9c9) c.j     pc - 814
core   0: 0 0x0000000080000474 (0xb9c9)
core   0: >>>>  loop4
core   0: 0x0000000080000146 (0x32d25863) bge     tp, a3, pc + 816
core   0: 0 0x0000000080000146 (0x32d25863)
core   0: >>>>  end4
core   0: 0x0000000080000476 (0x00000185) c.addi  gp, 1
core   0: 0 0x0000000080000476 (0x0185) x 3 0x0000000000000001
core   0: 0x0000000080000478 (0x0000b1e1) c.j     pc - 824
core   0: 0 0x0000000080000478 (0xb1e1)
core   0: >>>>  loop3
core   0: 0x0000000080000140 (0x32c1dd63) bge     gp, a2, pc + 826
core   0: 0 0x0000000080000140 (0x32c1dd63)
core   0: >>>>  end3
core   0: 0x000000008000047a (0x00000105) c.addi  sp, 1
core   0: 0 0x000000008000047a (0x0105) x 2 0x0000000000000001
core   0: 0x000000008000047c (0x0000b97d) c.j     pc - 834
core   0: 0 0x000000008000047c (0xb97d)
core   0: >>>>  loop2
core   0: 0x000000008000013a (0x34b15263) bge     sp, a1, pc + 836
core   0: 0 0x000000008000013a (0x34b15263)
core   0: >>>>  end2
core   0: 0x000000008000047e (0x00000085) c.addi  ra, 1
core   0: 0 0x000000008000047e (0x0085) x 1 0x0000000000000001
core   0: 0x0000000080000480 (0x0000b955) c.j     pc - 844
core   0: 0 0x0000000080000480 (0xb955)
core   0: >>>>  loop1
core   0: 0x0000000080000134 (0x34a0d763) bge     ra, a0, pc + 846
core   0: 0 0x0000000080000134 (0x34a0d763)
core   0: >>>>  end1
core   0: 0x0000000080000482 (0x00004a01) c.li    s4, 0
core   0: 0 0x0000000080000482 (0x4a01) x20 0x0000000000000000
core   0: 0x0000000080000484 (0x05d00a93) li      s5, 93
core   0: 0 0x0000000080000484 (0x05d00a93) x21 0x000000000000005d
core   0: 0x0000000080000488 (0x00000001) c.nop
core   0: 0 0x0000000080000488 (0x0001)
core   0: 0x000000008000048a (0x00301e63) bne     zero, gp, pc + 28
core   0: 0 0x000000008000048a (0x00301e63)
core   0: >>>>  pass
core   0: 0x00000000800004a6 (0x0ff0000f) fence   iorw,iorw
core   0: 0 0x00000000800004a6 (0x0ff0000f)
core   0: 0x00000000800004aa (0x00004185) c.li    gp, 1
core   0: 0 0x00000000800004aa (0x4185) x 3 0x0000000000000001
core   0: 0x00000000800004ac (0x05d00893) li      a7, 93
core   0: 0 0x00000000800004ac (0x05d00893) x17 0x000000000000005d
core   0: 0x00000000800004b0 (0x00004501) c.li    a0, 0
core   0: 0 0x00000000800004b0 (0x4501) x10 0x0000000000000000
core   0: 0x00000000800004b2 (0x00000073) ecall
core   0: exception trap_user_ecall, epc 0x00000000800004b2
core   0: >>>>  trap_vector
core   0: 0x0000000080000004 (0x34202f73) csrr    t5, mcause
core   0: 3 0x0000000080000004 (0x34202f73) x30 0x0000000000000008
core   0: 0x0000000080000008 (0x00004fa1) c.li    t6, 8
core   0: 3 0x0000000080000008 (0x4fa1) x31 0x0000000000000008
core   0: 0x000000008000000a (0x03ff0463) beq     t5, t6, pc + 40
core   0: 3 0x000000008000000a (0x03ff0463)
core   0: >>>>  write_tohost
core   0: 0x0000000080000032 (0x00001f17) auipc   t5, 0x1
core   0: 3 0x0000000080000032 (0x00001f17) x30 0x0000000080001032
core   0: 0x0000000080000036 (0xfc3f2723) sw      gp, -50(t5)
core   0: 3 0x0000000080000036 (0xfc3f2723) mem 0x0000000080001000 0x00000001
core   0: >>>>  shakti_end
core   0: 0x000000008000003a (0x0000100f) fence.i
core   0: 3 0x000000008000003a (0x0000100f)
core   0: 0x000000008000003e (0x00020fb7) lui     t6, 0x20
core   0: 3 0x000000008000003e (0x00020fb7) x31 0x0000000000020000
core   0: 0x0000000080000042 (0x00002f17) auipc   t5, 0x2
core   0: 3 0x0000000080000042 (0x00002f17) x30 0x0000000080002042
core   0: 0x0000000080000046 (0xfbef0f13) addi    t5, t5, -66
core   0: 3 0x0000000080000046 (0xfbef0f13) x30 0x0000000080002000
core   0: 0x000000008000004a (0x01efa023) sw      t5, 0(t6)
core   0: exception trap_store_access_fault, epc 0x000000008000004a
core   0:           tval 0x0000000000020000
